0:0:0:0:0:0:0:1 - - [05/Mar/2019:20:08:55 -0600] "GET / HTTP/1.1" 302 -
0:0:0:0:0:0:0:1 - - [05/Mar/2019:20:08:55 -0600] "GET /login HTTP/1.1" 200 1406
0:0:0:0:0:0:0:1 - - [05/Mar/2019:20:08:56 -0600] "GET /favicon.ico HTTP/1.1" 302 -
0:0:0:0:0:0:0:1 - - [05/Mar/2019:20:08:56 -0600] "GET /login HTTP/1.1" 200 1406
0:0:0:0:0:0:0:1 - - [05/Mar/2019:20:09:08 -0600] "POST /login HTTP/1.1" 302 -
0:0:0:0:0:0:0:1 - - [05/Mar/2019:20:09:08 -0600] "GET /login?error HTTP/1.1" 200 1472
0:0:0:0:0:0:0:1 - - [05/Mar/2019:20:09:08 -0600] "GET /favicon.ico HTTP/1.1" 302 -
0:0:0:0:0:0:0:1 - - [05/Mar/2019:20:09:08 -0600] "GET /login HTTP/1.1" 200 1406
0:0:0:0:0:0:0:1 - - [05/Mar/2019:20:09:17 -0600] "POST /login HTTP/1.1" 302 -
0:0:0:0:0:0:0:1 - - [05/Mar/2019:20:09:17 -0600] "GET /login?error HTTP/1.1" 200 1472
0:0:0:0:0:0:0:1 - - [05/Mar/2019:20:09:17 -0600] "GET /favicon.ico HTTP/1.1" 302 -
0:0:0:0:0:0:0:1 - - [05/Mar/2019:20:09:17 -0600] "GET /login HTTP/1.1" 200 1406
0:0:0:0:0:0:0:1 - - [05/Mar/2019:20:26:39 -0600] "GET / HTTP/1.1" 302 -
0:0:0:0:0:0:0:1 - - [05/Mar/2019:20:26:39 -0600] "GET /login HTTP/1.1" 200 1406
0:0:0:0:0:0:0:1 - - [05/Mar/2019:20:26:39 -0600] "GET /favicon.ico HTTP/1.1" 302 -
0:0:0:0:0:0:0:1 - - [05/Mar/2019:20:26:39 -0600] "GET /login HTTP/1.1" 200 1406
0:0:0:0:0:0:0:1 - - [05/Mar/2019:20:26:45 -0600] "POST /login HTTP/1.1" 302 -
0:0:0:0:0:0:0:1 - - [05/Mar/2019:20:26:45 -0600] "GET /login HTTP/1.1" 200 1406
0:0:0:0:0:0:0:1 - - [05/Mar/2019:20:26:45 -0600] "GET /favicon.ico HTTP/1.1" 302 -
0:0:0:0:0:0:0:1 - - [05/Mar/2019:20:26:45 -0600] "GET /login HTTP/1.1" 200 1406
0:0:0:0:0:0:0:1 - - [05/Mar/2019:20:26:55 -0600] "POST /login HTTP/1.1" 302 -
0:0:0:0:0:0:0:1 - - [05/Mar/2019:20:26:55 -0600] "GET /login HTTP/1.1" 200 1406
0:0:0:0:0:0:0:1 - - [05/Mar/2019:20:26:55 -0600] "GET /favicon.ico HTTP/1.1" 302 -
0:0:0:0:0:0:0:1 - - [05/Mar/2019:20:26:55 -0600] "GET /login HTTP/1.1" 200 1406
0:0:0:0:0:0:0:1 - - [05/Mar/2019:20:28:20 -0600] "POST /login HTTP/1.1" 302 -
0:0:0:0:0:0:0:1 - - [05/Mar/2019:20:28:20 -0600] "GET /login?error HTTP/1.1" 200 1472
0:0:0:0:0:0:0:1 - - [05/Mar/2019:20:28:21 -0600] "GET /favicon.ico HTTP/1.1" 302 -
0:0:0:0:0:0:0:1 - - [05/Mar/2019:20:28:21 -0600] "GET /login HTTP/1.1" 200 1406
0:0:0:0:0:0:0:1 - - [05/Mar/2019:20:28:27 -0600] "POST /login HTTP/1.1" 302 -
0:0:0:0:0:0:0:1 - - [05/Mar/2019:20:28:27 -0600] "GET /login HTTP/1.1" 200 1406
0:0:0:0:0:0:0:1 - - [05/Mar/2019:20:28:27 -0600] "GET /favicon.ico HTTP/1.1" 302 -
0:0:0:0:0:0:0:1 - - [05/Mar/2019:20:28:27 -0600] "GET /login HTTP/1.1" 200 1406
0:0:0:0:0:0:0:1 - - [05/Mar/2019:20:29:01 -0600] "POST /login HTTP/1.1" 302 -
0:0:0:0:0:0:0:1 - - [05/Mar/2019:20:29:01 -0600] "GET /login HTTP/1.1" 200 1406
0:0:0:0:0:0:0:1 - - [05/Mar/2019:20:29:01 -0600] "GET /favicon.ico HTTP/1.1" 302 -
0:0:0:0:0:0:0:1 - - [05/Mar/2019:20:29:01 -0600] "GET /login HTTP/1.1" 200 1406
0:0:0:0:0:0:0:1 - - [05/Mar/2019:22:36:14 -0600] "GET / HTTP/1.1" 302 -
0:0:0:0:0:0:0:1 - - [05/Mar/2019:22:36:14 -0600] "GET /login HTTP/1.1" 200 1406
0:0:0:0:0:0:0:1 - - [05/Mar/2019:22:36:15 -0600] "GET /favicon.ico HTTP/1.1" 302 -
0:0:0:0:0:0:0:1 - - [05/Mar/2019:22:36:15 -0600] "GET /login HTTP/1.1" 200 1406
0:0:0:0:0:0:0:1 - - [05/Mar/2019:22:36:22 -0600] "POST /login HTTP/1.1" 302 -
0:0:0:0:0:0:0:1 - - [05/Mar/2019:22:36:22 -0600] "GET /login HTTP/1.1" 200 1406
0:0:0:0:0:0:0:1 - - [05/Mar/2019:22:36:22 -0600] "GET /favicon.ico HTTP/1.1" 302 -
0:0:0:0:0:0:0:1 - - [05/Mar/2019:22:36:22 -0600] "GET /login HTTP/1.1" 200 1406
0:0:0:0:0:0:0:1 - - [05/Mar/2019:22:39:50 -0600] "GET / HTTP/1.1" 302 -
0:0:0:0:0:0:0:1 - - [05/Mar/2019:22:39:50 -0600] "GET /login HTTP/1.1" 200 1406
0:0:0:0:0:0:0:1 - - [05/Mar/2019:22:39:51 -0600] "GET /favicon.ico HTTP/1.1" 302 -
0:0:0:0:0:0:0:1 - - [05/Mar/2019:22:39:51 -0600] "GET /login HTTP/1.1" 200 1406
0:0:0:0:0:0:0:1 - - [05/Mar/2019:22:39:58 -0600] "POST /login HTTP/1.1" 302 -
0:0:0:0:0:0:0:1 - - [05/Mar/2019:22:39:58 -0600] "GET / HTTP/1.1" 200 608
0:0:0:0:0:0:0:1 - - [05/Mar/2019:22:39:59 -0600] "GET /favicon.ico HTTP/1.1" 200 1150
0:0:0:0:0:0:0:1 - - [05/Mar/2019:22:42:28 -0600] "GET /login HTTP/1.1" 200 1406
0:0:0:0:0:0:0:1 - - [05/Mar/2019:22:42:29 -0600] "GET /login HTTP/1.1" 200 1406
0:0:0:0:0:0:0:1 - - [05/Mar/2019:22:42:29 -0600] "GET /favicon.ico HTTP/1.1" 200 1150
0:0:0:0:0:0:0:1 - - [05/Mar/2019:22:42:39 -0600] "POST /login HTTP/1.1" 302 -
0:0:0:0:0:0:0:1 - - [05/Mar/2019:22:42:40 -0600] "GET / HTTP/1.1" 200 608
0:0:0:0:0:0:0:1 - - [05/Mar/2019:22:42:41 -0600] "GET / HTTP/1.1" 200 608
0:0:0:0:0:0:0:1 - - [05/Mar/2019:22:42:42 -0600] "GET /favicon.ico HTTP/1.1" 200 1150
0:0:0:0:0:0:0:1 - - [05/Mar/2019:22:46:31 -0600] "GET /?form HTTP/1.1" 200 847
0:0:0:0:0:0:0:1 - - [05/Mar/2019:22:47:14 -0600] "GET /css/bootstrap.min.css HTTP/1.1" 200 83044
0:0:0:0:0:0:0:1 - - [05/Mar/2019:22:47:25 -0600] "GET /?form HTTP/1.1" 200 847
0:0:0:0:0:0:0:1 - - [05/Mar/2019:22:48:33 -0600] "GET / HTTP/1.1" 200 608
0:0:0:0:0:0:0:1 - - [05/Mar/2019:22:48:36 -0600] "GET /?form HTTP/1.1" 200 847
0:0:0:0:0:0:0:1 - - [05/Mar/2019:22:51:11 -0600] "GET /?form HTTP/1.1" 200 847
0:0:0:0:0:0:0:1 - - [05/Mar/2019:22:51:12 -0600] "GET /favicon.ico HTTP/1.1" 200 1150
0:0:0:0:0:0:0:1 - - [05/Mar/2019:22:51:27 -0600] "GET / HTTP/1.1" 200 608
0:0:0:0:0:0:0:1 - - [05/Mar/2019:22:51:30 -0600] "GET /?form HTTP/1.1" 200 847
0:0:0:0:0:0:0:1 - - [05/Mar/2019:22:51:31 -0600] "GET /?form HTTP/1.1" 200 847
0:0:0:0:0:0:0:1 - - [05/Mar/2019:22:51:32 -0600] "GET /favicon.ico HTTP/1.1" 200 1150
0:0:0:0:0:0:0:1 - - [05/Mar/2019:22:51:59 -0600] "GET / HTTP/1.1" 302 -
0:0:0:0:0:0:0:1 - - [05/Mar/2019:22:51:59 -0600] "GET /login HTTP/1.1" 200 1406
0:0:0:0:0:0:0:1 - - [05/Mar/2019:22:52:00 -0600] "GET /favicon.ico HTTP/1.1" 302 -
0:0:0:0:0:0:0:1 - - [05/Mar/2019:22:52:00 -0600] "GET /login HTTP/1.1" 200 1406
0:0:0:0:0:0:0:1 - - [05/Mar/2019:22:52:09 -0600] "POST /login HTTP/1.1" 302 -
0:0:0:0:0:0:0:1 - - [05/Mar/2019:22:52:09 -0600] "GET / HTTP/1.1" 200 608
0:0:0:0:0:0:0:1 - - [05/Mar/2019:22:52:09 -0600] "GET /favicon.ico HTTP/1.1" 200 1150
0:0:0:0:0:0:0:1 - - [05/Mar/2019:22:52:11 -0600] "GET /?form HTTP/1.1" 200 847
0:0:0:0:0:0:0:1 - - [05/Mar/2019:22:52:15 -0600] "POST /?form HTTP/1.1" 302 -
0:0:0:0:0:0:0:1 - - [05/Mar/2019:22:52:15 -0600] "GET /1 HTTP/1.1" 200 780
0:0:0:0:0:0:0:1 - - [05/Mar/2019:22:52:17 -0600] "GET / HTTP/1.1" 200 658
0:0:0:0:0:0:0:1 - - [05/Mar/2019:22:53:00 -0600] "GET / HTTP/1.1" 200 608
0:0:0:0:0:0:0:1 - - [05/Mar/2019:22:53:00 -0600] "GET /favicon.ico HTTP/1.1" 200 1150
0:0:0:0:0:0:0:1 - - [05/Mar/2019:22:53:02 -0600] "GET /?form HTTP/1.1" 200 847
0:0:0:0:0:0:0:1 - - [05/Mar/2019:22:58:11 -0600] "GET / HTTP/1.1" 302 -
0:0:0:0:0:0:0:1 - - [05/Mar/2019:22:58:11 -0600] "GET /login HTTP/1.1" 200 1406
0:0:0:0:0:0:0:1 - - [05/Mar/2019:22:58:19 -0600] "POST /login HTTP/1.1" 302 -
0:0:0:0:0:0:0:1 - - [05/Mar/2019:22:58:19 -0600] "GET / HTTP/1.1" 200 608
0:0:0:0:0:0:0:1 - - [05/Mar/2019:23:03:58 -0600] "GET / HTTP/1.1" 200 608
0:0:0:0:0:0:0:1 - - [05/Mar/2019:23:03:58 -0600] "GET /favicon.ico HTTP/1.1" 200 1150
0:0:0:0:0:0:0:1 - - [05/Mar/2019:23:04:26 -0600] "GET / HTTP/1.1" 302 -
0:0:0:0:0:0:0:1 - - [05/Mar/2019:23:04:26 -0600] "GET /login HTTP/1.1" 200 1406
0:0:0:0:0:0:0:1 - - [05/Mar/2019:23:04:26 -0600] "GET /favicon.ico HTTP/1.1" 302 -
0:0:0:0:0:0:0:1 - - [05/Mar/2019:23:04:26 -0600] "GET /login HTTP/1.1" 200 1406
0:0:0:0:0:0:0:1 - - [05/Mar/2019:23:04:32 -0600] "POST /login HTTP/1.1" 302 -
0:0:0:0:0:0:0:1 - - [05/Mar/2019:23:04:32 -0600] "GET / HTTP/1.1" 200 608
0:0:0:0:0:0:0:1 - - [05/Mar/2019:23:04:33 -0600] "GET /favicon.ico HTTP/1.1" 200 1150
0:0:0:0:0:0:0:1 - - [05/Mar/2019:23:04:34 -0600] "GET /?form HTTP/1.1" 200 847
0:0:0:0:0:0:0:1 - - [05/Mar/2019:23:17:19 -0600] "GET /?form HTTP/1.1" 200 847
0:0:0:0:0:0:0:1 - - [05/Mar/2019:23:17:20 -0600] "GET /favicon.ico HTTP/1.1" 200 1150
0:0:0:0:0:0:0:1 - - [05/Mar/2019:23:17:21 -0600] "GET / HTTP/1.1" 200 608
0:0:0:0:0:0:0:1 - - [05/Mar/2019:23:17:54 -0600] "GET / HTTP/1.1" 200 608
0:0:0:0:0:0:0:1 - - [05/Mar/2019:23:17:54 -0600] "GET /favicon.ico HTTP/1.1" 200 1150
0:0:0:0:0:0:0:1 - - [05/Mar/2019:23:20:45 -0600] "GET / HTTP/1.1" 200 608
0:0:0:0:0:0:0:1 - - [05/Mar/2019:23:20:46 -0600] "GET /favicon.ico HTTP/1.1" 200 1150
0:0:0:0:0:0:0:1 - - [05/Mar/2019:23:21:45 -0600] "GET / HTTP/1.1" 302 -
0:0:0:0:0:0:0:1 - - [05/Mar/2019:23:21:45 -0600] "GET /login HTTP/1.1" 200 1406
0:0:0:0:0:0:0:1 - - [05/Mar/2019:23:21:46 -0600] "GET /favicon.ico HTTP/1.1" 302 -
0:0:0:0:0:0:0:1 - - [05/Mar/2019:23:21:46 -0600] "GET /login HTTP/1.1" 200 1406
0:0:0:0:0:0:0:1 - - [05/Mar/2019:23:21:52 -0600] "POST /login HTTP/1.1" 302 -
0:0:0:0:0:0:0:1 - - [05/Mar/2019:23:21:52 -0600] "GET / HTTP/1.1" 200 608
0:0:0:0:0:0:0:1 - - [05/Mar/2019:23:21:52 -0600] "GET /favicon.ico HTTP/1.1" 200 1150
0:0:0:0:0:0:0:1 - - [05/Mar/2019:23:23:30 -0600] "GET / HTTP/1.1" 200 608
0:0:0:0:0:0:0:1 - - [05/Mar/2019:23:23:31 -0600] "GET /favicon.ico HTTP/1.1" 200 1150
0:0:0:0:0:0:0:1 - - [05/Mar/2019:23:23:33 -0600] "GET /?form HTTP/1.1" 200 767
0:0:0:0:0:0:0:1 - - [05/Mar/2019:23:23:34 -0600] "GET / HTTP/1.1" 200 608
0:0:0:0:0:0:0:1 - - [05/Mar/2019:23:26:12 -0600] "GET / HTTP/1.1" 200 608
0:0:0:0:0:0:0:1 - - [05/Mar/2019:23:26:12 -0600] "GET /favicon.ico HTTP/1.1" 200 1150
0:0:0:0:0:0:0:1 - - [05/Mar/2019:23:26:13 -0600] "GET / HTTP/1.1" 200 608
0:0:0:0:0:0:0:1 - - [05/Mar/2019:23:26:13 -0600] "GET /favicon.ico HTTP/1.1" 200 1150
0:0:0:0:0:0:0:1 - - [05/Mar/2019:23:31:29 -0600] "GET / HTTP/1.1" 200 608
0:0:0:0:0:0:0:1 - - [05/Mar/2019:23:31:30 -0600] "GET /favicon.ico HTTP/1.1" 200 1150
