0:0:0:0:0:0:0:1 - - [31/Mar/2019:13:58:13 -0500] "GET / HTTP/1.1" 200 1093
0:0:0:0:0:0:0:1 - - [31/Mar/2019:13:58:14 -0500] "GET /favicon.ico HTTP/1.1" 302 -
0:0:0:0:0:0:0:1 - - [31/Mar/2019:13:58:14 -0500] "GET / HTTP/1.1" 200 1093
0:0:0:0:0:0:0:1 - - [31/Mar/2019:13:58:40 -0500] "POST /login HTTP/1.1" 302 -
0:0:0:0:0:0:0:1 - - [31/Mar/2019:13:58:40 -0500] "GET /userList HTTP/1.1" 200 905
0:0:0:0:0:0:0:1 - - [31/Mar/2019:13:58:40 -0500] "GET /css/bootstrap.min.css HTTP/1.1" 200 83044
0:0:0:0:0:0:0:1 - - [31/Mar/2019:13:58:41 -0500] "GET /favicon.ico HTTP/1.1" 200 1150
0:0:0:0:0:0:0:1 - - [31/Mar/2019:13:58:49 -0500] "GET /?form HTTP/1.1" 200 1071
0:0:0:0:0:0:0:1 - - [31/Mar/2019:13:58:49 -0500] "GET /css/bootstrap.min.css HTTP/1.1" 200 83044
0:0:0:0:0:0:0:1 - - [31/Mar/2019:13:58:57 -0500] "POST /?form HTTP/1.1" 302 -
0:0:0:0:0:0:0:1 - - [31/Mar/2019:13:58:57 -0500] "GET /1 HTTP/1.1" 200 1092
0:0:0:0:0:0:0:1 - - [31/Mar/2019:13:58:57 -0500] "GET /css/bootstrap.min.css HTTP/1.1" 200 83044
0:0:0:0:0:0:0:1 - - [31/Mar/2019:13:59:00 -0500] "GET /userList HTTP/1.1" 200 955
0:0:0:0:0:0:0:1 - - [31/Mar/2019:13:59:00 -0500] "GET /css/bootstrap.min.css HTTP/1.1" 200 83044
0:0:0:0:0:0:0:1 - - [31/Mar/2019:13:59:02 -0500] "GET /?form HTTP/1.1" 200 1071
0:0:0:0:0:0:0:1 - - [31/Mar/2019:13:59:02 -0500] "GET /css/bootstrap.min.css HTTP/1.1" 200 83044
0:0:0:0:0:0:0:1 - - [31/Mar/2019:13:59:09 -0500] "POST /?form HTTP/1.1" 302 -
0:0:0:0:0:0:0:1 - - [31/Mar/2019:13:59:09 -0500] "GET /2 HTTP/1.1" 200 1092
0:0:0:0:0:0:0:1 - - [31/Mar/2019:13:59:09 -0500] "GET /css/bootstrap.min.css HTTP/1.1" 200 83044
0:0:0:0:0:0:0:1 - - [31/Mar/2019:13:59:10 -0500] "GET /userList HTTP/1.1" 200 1058
0:0:0:0:0:0:0:1 - - [31/Mar/2019:13:59:10 -0500] "GET /css/bootstrap.min.css HTTP/1.1" 200 83044
0:0:0:0:0:0:0:1 - - [31/Mar/2019:13:59:16 -0500] "GET /logout HTTP/1.1" 302 -
0:0:0:0:0:0:0:1 - - [31/Mar/2019:13:59:16 -0500] "GET /?loggedOut=true HTTP/1.1" 200 1156
0:0:0:0:0:0:0:1 - - [31/Mar/2019:22:08:37 -0500] "GET / HTTP/1.1" 200 1093
0:0:0:0:0:0:0:1 - - [31/Mar/2019:22:08:43 -0500] "POST /login HTTP/1.1" 302 -
0:0:0:0:0:0:0:1 - - [31/Mar/2019:22:08:43 -0500] "GET /userList HTTP/1.1" 200 905
0:0:0:0:0:0:0:1 - - [31/Mar/2019:22:08:43 -0500] "GET /css/bootstrap.min.css HTTP/1.1" 200 83044
0:0:0:0:0:0:0:1 - - [31/Mar/2019:22:08:46 -0500] "GET /?form HTTP/1.1" 200 1071
0:0:0:0:0:0:0:1 - - [31/Mar/2019:22:08:46 -0500] "GET /css/bootstrap.min.css HTTP/1.1" 200 83044
0:0:0:0:0:0:0:1 - - [31/Mar/2019:22:08:49 -0500] "POST /?form HTTP/1.1" 302 -
0:0:0:0:0:0:0:1 - - [31/Mar/2019:22:08:49 -0500] "GET /1 HTTP/1.1" 200 1101
0:0:0:0:0:0:0:1 - - [31/Mar/2019:22:08:49 -0500] "GET /css/bootstrap.min.css HTTP/1.1" 200 83044
0:0:0:0:0:0:0:1 - - [31/Mar/2019:22:08:54 -0500] "GET /modify/1 HTTP/1.1" 200 1110
0:0:0:0:0:0:0:1 - - [31/Mar/2019:22:08:54 -0500] "GET /css/bootstrap.min.css HTTP/1.1" 200 83044
0:0:0:0:0:0:0:1 - - [31/Mar/2019:22:15:05 -0500] "GET /logout HTTP/1.1" 302 -
0:0:0:0:0:0:0:1 - - [31/Mar/2019:22:15:05 -0500] "GET /?loggedOut=true HTTP/1.1" 200 1156
