0:0:0:0:0:0:0:1 - - [06/Mar/2019:20:36:57 -0600] "GET / HTTP/1.1" 200 608
0:0:0:0:0:0:0:1 - - [06/Mar/2019:20:36:59 -0600] "GET /?form HTTP/1.1" 200 767
0:0:0:0:0:0:0:1 - - [06/Mar/2019:20:40:04 -0600] "GET /?form HTTP/1.1" 200 767
0:0:0:0:0:0:0:1 - - [06/Mar/2019:20:40:04 -0600] "GET /favicon.ico HTTP/1.1" 200 1150
0:0:0:0:0:0:0:1 - - [06/Mar/2019:20:40:09 -0600] "POST /?form HTTP/1.1" 302 -
0:0:0:0:0:0:0:1 - - [06/Mar/2019:20:40:09 -0600] "GET /1;jsessionid=9D0725F85C0A25BC4346C3C648497E2A HTTP/1.1" 200 779
0:0:0:0:0:0:0:1 - - [06/Mar/2019:20:40:12 -0600] "GET / HTTP/1.1" 200 657
0:0:0:0:0:0:0:1 - - [06/Mar/2019:20:40:14 -0600] "GET /?form HTTP/1.1" 200 767
0:0:0:0:0:0:0:1 - - [06/Mar/2019:20:40:18 -0600] "POST /?form HTTP/1.1" 302 -
0:0:0:0:0:0:0:1 - - [06/Mar/2019:20:40:18 -0600] "GET /2 HTTP/1.1" 200 783
0:0:0:0:0:0:0:1 - - [06/Mar/2019:20:40:20 -0600] "GET / HTTP/1.1" 200 772
0:0:0:0:0:0:0:1 - - [06/Mar/2019:20:49:57 -0600] "GET / HTTP/1.1" 302 -
0:0:0:0:0:0:0:1 - - [06/Mar/2019:20:49:57 -0600] "GET /login HTTP/1.1" 200 1406
0:0:0:0:0:0:0:1 - - [06/Mar/2019:20:50:06 -0600] "POST /login HTTP/1.1" 302 -
0:0:0:0:0:0:0:1 - - [06/Mar/2019:20:50:06 -0600] "GET /login HTTP/1.1" 200 1406
0:0:0:0:0:0:0:1 - - [06/Mar/2019:20:50:40 -0600] "GET /login HTTP/1.1" 200 1406
0:0:0:0:0:0:0:1 - - [06/Mar/2019:20:50:41 -0600] "GET /favicon.ico HTTP/1.1" 302 -
0:0:0:0:0:0:0:1 - - [06/Mar/2019:20:50:41 -0600] "GET /login HTTP/1.1" 200 1406
0:0:0:0:0:0:0:1 - - [06/Mar/2019:20:50:48 -0600] "POST /login HTTP/1.1" 302 -
0:0:0:0:0:0:0:1 - - [06/Mar/2019:20:50:48 -0600] "GET / HTTP/1.1" 200 608
0:0:0:0:0:0:0:1 - - [06/Mar/2019:20:50:48 -0600] "GET /favicon.ico HTTP/1.1" 200 1150
0:0:0:0:0:0:0:1 - - [06/Mar/2019:20:50:50 -0600] "GET /?form HTTP/1.1" 200 847
0:0:0:0:0:0:0:1 - - [06/Mar/2019:21:00:52 -0600] "GET /?form HTTP/1.1" 200 903
0:0:0:0:0:0:0:1 - - [06/Mar/2019:21:00:52 -0600] "GET /css/bootstrap.min.css HTTP/1.1" 200 83044
0:0:0:0:0:0:0:1 - - [06/Mar/2019:21:00:52 -0600] "GET /favicon.ico HTTP/1.1" 200 1150
0:0:0:0:0:0:0:1 - - [06/Mar/2019:21:00:56 -0600] "GET / HTTP/1.1" 200 664
0:0:0:0:0:0:0:1 - - [06/Mar/2019:21:00:56 -0600] "GET /css/bootstrap.min.css HTTP/1.1" 200 83044
0:0:0:0:0:0:0:1 - - [06/Mar/2019:21:00:58 -0600] "GET /?form HTTP/1.1" 200 903
0:0:0:0:0:0:0:1 - - [06/Mar/2019:21:00:58 -0600] "GET /css/bootstrap.min.css HTTP/1.1" 200 83044
0:0:0:0:0:0:0:1 - - [06/Mar/2019:21:01:02 -0600] "POST /?form HTTP/1.1" 302 -
0:0:0:0:0:0:0:1 - - [06/Mar/2019:21:01:02 -0600] "GET /1 HTTP/1.1" 200 835
0:0:0:0:0:0:0:1 - - [06/Mar/2019:21:01:02 -0600] "GET /css/bootstrap.min.css HTTP/1.1" 200 83044
0:0:0:0:0:0:0:1 - - [06/Mar/2019:21:01:05 -0600] "GET /delete/1 HTTP/1.1" 302 -
0:0:0:0:0:0:0:1 - - [06/Mar/2019:21:01:05 -0600] "GET / HTTP/1.1" 200 664
0:0:0:0:0:0:0:1 - - [06/Mar/2019:21:01:05 -0600] "GET /css/bootstrap.min.css HTTP/1.1" 200 83044
0:0:0:0:0:0:0:1 - - [06/Mar/2019:21:19:08 -0600] "GET /?form HTTP/1.1" 200 903
0:0:0:0:0:0:0:1 - - [06/Mar/2019:21:19:08 -0600] "GET /css/bootstrap.min.css HTTP/1.1" 200 83044
0:0:0:0:0:0:0:1 - - [06/Mar/2019:21:19:12 -0600] "POST /?form HTTP/1.1" 302 -
0:0:0:0:0:0:0:1 - - [06/Mar/2019:21:19:12 -0600] "GET /2 HTTP/1.1" 200 835
0:0:0:0:0:0:0:1 - - [06/Mar/2019:21:19:12 -0600] "GET /css/bootstrap.min.css HTTP/1.1" 200 83044
0:0:0:0:0:0:0:1 - - [06/Mar/2019:21:19:14 -0600] "GET / HTTP/1.1" 200 713
0:0:0:0:0:0:0:1 - - [06/Mar/2019:21:19:14 -0600] "GET /css/bootstrap.min.css HTTP/1.1" 200 83044
0:0:0:0:0:0:0:1 - - [06/Mar/2019:21:19:16 -0600] "GET /?form HTTP/1.1" 200 903
0:0:0:0:0:0:0:1 - - [06/Mar/2019:21:19:16 -0600] "GET /css/bootstrap.min.css HTTP/1.1" 200 83044
0:0:0:0:0:0:0:1 - - [06/Mar/2019:21:19:20 -0600] "POST /?form HTTP/1.1" 302 -
0:0:0:0:0:0:0:1 - - [06/Mar/2019:21:19:20 -0600] "GET /3 HTTP/1.1" 200 839
0:0:0:0:0:0:0:1 - - [06/Mar/2019:21:19:20 -0600] "GET /css/bootstrap.min.css HTTP/1.1" 200 83044
0:0:0:0:0:0:0:1 - - [06/Mar/2019:21:19:21 -0600] "GET / HTTP/1.1" 200 828
0:0:0:0:0:0:0:1 - - [06/Mar/2019:21:19:21 -0600] "GET /css/bootstrap.min.css HTTP/1.1" 200 83044
0:0:0:0:0:0:0:1 - - [06/Mar/2019:22:03:38 -0600] "GET / HTTP/1.1" 302 -
0:0:0:0:0:0:0:1 - - [06/Mar/2019:22:03:38 -0600] "GET /login HTTP/1.1" 200 1406
0:0:0:0:0:0:0:1 - - [06/Mar/2019:22:03:48 -0600] "POST /login HTTP/1.1" 302 -
0:0:0:0:0:0:0:1 - - [06/Mar/2019:22:03:48 -0600] "GET / HTTP/1.1" 200 664
0:0:0:0:0:0:0:1 - - [06/Mar/2019:22:03:48 -0600] "GET /css/bootstrap.min.css HTTP/1.1" 200 83044
0:0:0:0:0:0:0:1 - - [06/Mar/2019:22:03:50 -0600] "GET /?form HTTP/1.1" 200 903
0:0:0:0:0:0:0:1 - - [06/Mar/2019:22:03:50 -0600] "GET /css/bootstrap.min.css HTTP/1.1" 200 83044
0:0:0:0:0:0:0:1 - - [06/Mar/2019:22:03:54 -0600] "POST /?form HTTP/1.1" 302 -
0:0:0:0:0:0:0:1 - - [06/Mar/2019:22:03:54 -0600] "GET /1 HTTP/1.1" 200 836
0:0:0:0:0:0:0:1 - - [06/Mar/2019:22:03:54 -0600] "GET /css/bootstrap.min.css HTTP/1.1" 200 83044
0:0:0:0:0:0:0:1 - - [06/Mar/2019:22:03:56 -0600] "GET /delete/1 HTTP/1.1" 302 -
0:0:0:0:0:0:0:1 - - [06/Mar/2019:22:03:56 -0600] "GET / HTTP/1.1" 200 664
0:0:0:0:0:0:0:1 - - [06/Mar/2019:22:03:56 -0600] "GET /css/bootstrap.min.css HTTP/1.1" 200 83044
0:0:0:0:0:0:0:1 - - [06/Mar/2019:22:04:10 -0600] "GET /?form HTTP/1.1" 200 903
0:0:0:0:0:0:0:1 - - [06/Mar/2019:22:04:10 -0600] "GET /css/bootstrap.min.css HTTP/1.1" 200 83044
0:0:0:0:0:0:0:1 - - [06/Mar/2019:22:04:14 -0600] "POST /?form HTTP/1.1" 302 -
0:0:0:0:0:0:0:1 - - [06/Mar/2019:22:04:14 -0600] "GET /2 HTTP/1.1" 200 836
0:0:0:0:0:0:0:1 - - [06/Mar/2019:22:04:14 -0600] "GET /css/bootstrap.min.css HTTP/1.1" 200 83044
0:0:0:0:0:0:0:1 - - [06/Mar/2019:22:04:16 -0600] "GET /modify/2 HTTP/1.1" 200 942
0:0:0:0:0:0:0:1 - - [06/Mar/2019:22:04:16 -0600] "GET /css/bootstrap.min.css HTTP/1.1" 200 83044
0:0:0:0:0:0:0:1 - - [06/Mar/2019:22:04:17 -0600] "POST /?form HTTP/1.1" 302 -
0:0:0:0:0:0:0:1 - - [06/Mar/2019:22:04:17 -0600] "GET /2 HTTP/1.1" 200 836
0:0:0:0:0:0:0:1 - - [06/Mar/2019:22:04:17 -0600] "GET /css/bootstrap.min.css HTTP/1.1" 200 83044
0:0:0:0:0:0:0:1 - - [06/Mar/2019:22:04:18 -0600] "GET /delete/2 HTTP/1.1" 302 -
0:0:0:0:0:0:0:1 - - [06/Mar/2019:22:04:18 -0600] "GET / HTTP/1.1" 200 664
0:0:0:0:0:0:0:1 - - [06/Mar/2019:22:04:18 -0600] "GET /css/bootstrap.min.css HTTP/1.1" 200 83044
0:0:0:0:0:0:0:1 - - [06/Mar/2019:22:05:19 -0600] "GET /?form HTTP/1.1" 200 903
0:0:0:0:0:0:0:1 - - [06/Mar/2019:22:05:19 -0600] "GET /css/bootstrap.min.css HTTP/1.1" 200 83044
0:0:0:0:0:0:0:1 - - [06/Mar/2019:22:05:23 -0600] "POST /?form HTTP/1.1" 302 -
0:0:0:0:0:0:0:1 - - [06/Mar/2019:22:05:23 -0600] "GET /3 HTTP/1.1" 200 828
0:0:0:0:0:0:0:1 - - [06/Mar/2019:22:05:23 -0600] "GET /css/bootstrap.min.css HTTP/1.1" 200 83044
0:0:0:0:0:0:0:1 - - [06/Mar/2019:22:05:26 -0600] "GET /delete/3 HTTP/1.1" 302 -
0:0:0:0:0:0:0:1 - - [06/Mar/2019:22:05:26 -0600] "GET / HTTP/1.1" 200 664
0:0:0:0:0:0:0:1 - - [06/Mar/2019:22:05:26 -0600] "GET /css/bootstrap.min.css HTTP/1.1" 200 83044
0:0:0:0:0:0:0:1 - - [06/Mar/2019:22:05:31 -0600] "GET /?form HTTP/1.1" 200 903
0:0:0:0:0:0:0:1 - - [06/Mar/2019:22:05:31 -0600] "GET /css/bootstrap.min.css HTTP/1.1" 200 83044
0:0:0:0:0:0:0:1 - - [06/Mar/2019:22:05:35 -0600] "POST /?form HTTP/1.1" 302 -
0:0:0:0:0:0:0:1 - - [06/Mar/2019:22:05:35 -0600] "GET /4 HTTP/1.1" 200 828
0:0:0:0:0:0:0:1 - - [06/Mar/2019:22:05:35 -0600] "GET /css/bootstrap.min.css HTTP/1.1" 200 83044
0:0:0:0:0:0:0:1 - - [06/Mar/2019:22:05:47 -0600] "GET /delete/4 HTTP/1.1" 302 -
0:0:0:0:0:0:0:1 - - [06/Mar/2019:22:05:47 -0600] "GET / HTTP/1.1" 200 664
0:0:0:0:0:0:0:1 - - [06/Mar/2019:22:05:47 -0600] "GET /css/bootstrap.min.css HTTP/1.1" 200 83044
0:0:0:0:0:0:0:1 - - [06/Mar/2019:22:06:25 -0600] "GET / HTTP/1.1" 200 664
0:0:0:0:0:0:0:1 - - [06/Mar/2019:22:06:25 -0600] "GET /css/bootstrap.min.css HTTP/1.1" 200 83044
0:0:0:0:0:0:0:1 - - [06/Mar/2019:22:06:25 -0600] "GET /favicon.ico HTTP/1.1" 200 1150
0:0:0:0:0:0:0:1 - - [06/Mar/2019:22:06:27 -0600] "GET /?form HTTP/1.1" 200 903
0:0:0:0:0:0:0:1 - - [06/Mar/2019:22:06:27 -0600] "GET /css/bootstrap.min.css HTTP/1.1" 200 83044
0:0:0:0:0:0:0:1 - - [06/Mar/2019:22:06:30 -0600] "POST /?form HTTP/1.1" 302 -
0:0:0:0:0:0:0:1 - - [06/Mar/2019:22:06:30 -0600] "GET /1 HTTP/1.1" 200 836
0:0:0:0:0:0:0:1 - - [06/Mar/2019:22:06:30 -0600] "GET /css/bootstrap.min.css HTTP/1.1" 200 83044
0:0:0:0:0:0:0:1 - - [06/Mar/2019:22:06:31 -0600] "GET /delete/1 HTTP/1.1" 302 -
0:0:0:0:0:0:0:1 - - [06/Mar/2019:22:06:31 -0600] "GET / HTTP/1.1" 200 664
0:0:0:0:0:0:0:1 - - [06/Mar/2019:22:06:31 -0600] "GET /css/bootstrap.min.css HTTP/1.1" 200 83044
0:0:0:0:0:0:0:1 - - [06/Mar/2019:22:08:00 -0600] "GET / HTTP/1.1" 200 664
0:0:0:0:0:0:0:1 - - [06/Mar/2019:22:08:00 -0600] "GET /css/bootstrap.min.css HTTP/1.1" 200 83044
0:0:0:0:0:0:0:1 - - [06/Mar/2019:22:08:00 -0600] "GET /favicon.ico HTTP/1.1" 200 1150
0:0:0:0:0:0:0:1 - - [06/Mar/2019:22:08:04 -0600] "GET /?form HTTP/1.1" 200 903
0:0:0:0:0:0:0:1 - - [06/Mar/2019:22:08:04 -0600] "GET /css/bootstrap.min.css HTTP/1.1" 200 83044
0:0:0:0:0:0:0:1 - - [06/Mar/2019:22:08:08 -0600] "POST /?form HTTP/1.1" 302 -
0:0:0:0:0:0:0:1 - - [06/Mar/2019:22:08:08 -0600] "GET /1 HTTP/1.1" 200 828
0:0:0:0:0:0:0:1 - - [06/Mar/2019:22:08:08 -0600] "GET /css/bootstrap.min.css HTTP/1.1" 200 83044
0:0:0:0:0:0:0:1 - - [06/Mar/2019:22:08:09 -0600] "GET /delete/1 HTTP/1.1" 302 -
0:0:0:0:0:0:0:1 - - [06/Mar/2019:22:08:09 -0600] "GET / HTTP/1.1" 200 664
0:0:0:0:0:0:0:1 - - [06/Mar/2019:22:08:09 -0600] "GET /css/bootstrap.min.css HTTP/1.1" 200 83044
0:0:0:0:0:0:0:1 - - [06/Mar/2019:22:08:30 -0600] "GET / HTTP/1.1" 200 664
0:0:0:0:0:0:0:1 - - [06/Mar/2019:22:08:30 -0600] "GET /css/bootstrap.min.css HTTP/1.1" 200 83044
0:0:0:0:0:0:0:1 - - [06/Mar/2019:22:08:31 -0600] "GET /favicon.ico HTTP/1.1" 200 1150
0:0:0:0:0:0:0:1 - - [06/Mar/2019:22:08:32 -0600] "GET /?form HTTP/1.1" 200 903
0:0:0:0:0:0:0:1 - - [06/Mar/2019:22:08:32 -0600] "GET /css/bootstrap.min.css HTTP/1.1" 200 83044
0:0:0:0:0:0:0:1 - - [06/Mar/2019:22:08:36 -0600] "POST /?form HTTP/1.1" 302 -
0:0:0:0:0:0:0:1 - - [06/Mar/2019:22:08:36 -0600] "GET /2 HTTP/1.1" 200 828
0:0:0:0:0:0:0:1 - - [06/Mar/2019:22:08:36 -0600] "GET /css/bootstrap.min.css HTTP/1.1" 200 83044
0:0:0:0:0:0:0:1 - - [06/Mar/2019:22:08:37 -0600] "GET /delete/2 HTTP/1.1" 302 -
0:0:0:0:0:0:0:1 - - [06/Mar/2019:22:08:37 -0600] "GET / HTTP/1.1" 200 664
0:0:0:0:0:0:0:1 - - [06/Mar/2019:22:08:37 -0600] "GET /css/bootstrap.min.css HTTP/1.1" 200 83044
0:0:0:0:0:0:0:1 - - [06/Mar/2019:22:08:38 -0600] "GET /?form HTTP/1.1" 200 903
0:0:0:0:0:0:0:1 - - [06/Mar/2019:22:08:38 -0600] "GET /css/bootstrap.min.css HTTP/1.1" 200 83044
0:0:0:0:0:0:0:1 - - [06/Mar/2019:22:08:42 -0600] "POST /?form HTTP/1.1" 302 -
0:0:0:0:0:0:0:1 - - [06/Mar/2019:22:08:42 -0600] "GET /3 HTTP/1.1" 200 836
0:0:0:0:0:0:0:1 - - [06/Mar/2019:22:08:42 -0600] "GET /css/bootstrap.min.css HTTP/1.1" 200 83044
0:0:0:0:0:0:0:1 - - [06/Mar/2019:22:08:43 -0600] "GET /delete/3 HTTP/1.1" 302 -
0:0:0:0:0:0:0:1 - - [06/Mar/2019:22:08:43 -0600] "GET / HTTP/1.1" 200 664
0:0:0:0:0:0:0:1 - - [06/Mar/2019:22:08:43 -0600] "GET /css/bootstrap.min.css HTTP/1.1" 200 83044
0:0:0:0:0:0:0:1 - - [06/Mar/2019:22:11:04 -0600] "GET / HTTP/1.1" 302 -
0:0:0:0:0:0:0:1 - - [06/Mar/2019:22:11:04 -0600] "GET /login HTTP/1.1" 200 1406
0:0:0:0:0:0:0:1 - - [06/Mar/2019:22:11:05 -0600] "GET /favicon.ico HTTP/1.1" 302 -
0:0:0:0:0:0:0:1 - - [06/Mar/2019:22:11:05 -0600] "GET /login HTTP/1.1" 200 1406
0:0:0:0:0:0:0:1 - - [06/Mar/2019:22:11:12 -0600] "POST /login HTTP/1.1" 302 -
0:0:0:0:0:0:0:1 - - [06/Mar/2019:22:11:12 -0600] "GET / HTTP/1.1" 200 664
0:0:0:0:0:0:0:1 - - [06/Mar/2019:22:11:12 -0600] "GET /css/bootstrap.min.css HTTP/1.1" 200 83044
0:0:0:0:0:0:0:1 - - [06/Mar/2019:22:11:12 -0600] "GET /favicon.ico HTTP/1.1" 200 1150
0:0:0:0:0:0:0:1 - - [06/Mar/2019:22:11:14 -0600] "GET /?form HTTP/1.1" 200 903
0:0:0:0:0:0:0:1 - - [06/Mar/2019:22:11:14 -0600] "GET /css/bootstrap.min.css HTTP/1.1" 200 83044
0:0:0:0:0:0:0:1 - - [06/Mar/2019:22:11:17 -0600] "POST /?form HTTP/1.1" 302 -
0:0:0:0:0:0:0:1 - - [06/Mar/2019:22:11:17 -0600] "GET /1 HTTP/1.1" 200 836
0:0:0:0:0:0:0:1 - - [06/Mar/2019:22:11:17 -0600] "GET /css/bootstrap.min.css HTTP/1.1" 200 83044
0:0:0:0:0:0:0:1 - - [06/Mar/2019:22:11:19 -0600] "GET /delete/1 HTTP/1.1" 302 -
0:0:0:0:0:0:0:1 - - [06/Mar/2019:22:11:19 -0600] "GET / HTTP/1.1" 200 664
0:0:0:0:0:0:0:1 - - [06/Mar/2019:22:11:19 -0600] "GET /css/bootstrap.min.css HTTP/1.1" 200 83044
0:0:0:0:0:0:0:1 - - [06/Mar/2019:22:18:30 -0600] "GET / HTTP/1.1" 302 -
0:0:0:0:0:0:0:1 - - [06/Mar/2019:22:18:30 -0600] "GET /login HTTP/1.1" 200 1406
0:0:0:0:0:0:0:1 - - [06/Mar/2019:22:18:39 -0600] "POST /login HTTP/1.1" 302 -
0:0:0:0:0:0:0:1 - - [06/Mar/2019:22:18:39 -0600] "GET / HTTP/1.1" 200 664
0:0:0:0:0:0:0:1 - - [06/Mar/2019:22:18:39 -0600] "GET /css/bootstrap.min.css HTTP/1.1" 200 83044
0:0:0:0:0:0:0:1 - - [06/Mar/2019:22:18:40 -0600] "GET /?form HTTP/1.1" 200 903
0:0:0:0:0:0:0:1 - - [06/Mar/2019:22:18:41 -0600] "GET /css/bootstrap.min.css HTTP/1.1" 200 83044
0:0:0:0:0:0:0:1 - - [06/Mar/2019:22:18:44 -0600] "POST /?form HTTP/1.1" 302 -
0:0:0:0:0:0:0:1 - - [06/Mar/2019:22:18:44 -0600] "GET /1 HTTP/1.1" 200 836
0:0:0:0:0:0:0:1 - - [06/Mar/2019:22:18:44 -0600] "GET /css/bootstrap.min.css HTTP/1.1" 200 83044
0:0:0:0:0:0:0:1 - - [06/Mar/2019:22:18:45 -0600] "GET /delete/1 HTTP/1.1" 302 -
0:0:0:0:0:0:0:1 - - [06/Mar/2019:22:18:45 -0600] "GET / HTTP/1.1" 200 664
0:0:0:0:0:0:0:1 - - [06/Mar/2019:22:18:45 -0600] "GET /css/bootstrap.min.css HTTP/1.1" 200 83044
0:0:0:0:0:0:0:1 - - [06/Mar/2019:22:18:47 -0600] "GET /?form HTTP/1.1" 200 903
0:0:0:0:0:0:0:1 - - [06/Mar/2019:22:18:47 -0600] "GET /css/bootstrap.min.css HTTP/1.1" 200 83044
0:0:0:0:0:0:0:1 - - [06/Mar/2019:22:19:14 -0600] "GET / HTTP/1.1" 302 -
0:0:0:0:0:0:0:1 - - [06/Mar/2019:22:19:14 -0600] "GET /login HTTP/1.1" 200 1406
0:0:0:0:0:0:0:1 - - [06/Mar/2019:22:19:22 -0600] "POST /login HTTP/1.1" 302 -
0:0:0:0:0:0:0:1 - - [06/Mar/2019:22:19:22 -0600] "GET / HTTP/1.1" 200 664
0:0:0:0:0:0:0:1 - - [06/Mar/2019:22:19:22 -0600] "GET /css/bootstrap.min.css HTTP/1.1" 200 83044
0:0:0:0:0:0:0:1 - - [06/Mar/2019:22:19:23 -0600] "GET /?form HTTP/1.1" 200 903
0:0:0:0:0:0:0:1 - - [06/Mar/2019:22:19:23 -0600] "GET /css/bootstrap.min.css HTTP/1.1" 200 83044
0:0:0:0:0:0:0:1 - - [06/Mar/2019:22:19:27 -0600] "POST /?form HTTP/1.1" 302 -
0:0:0:0:0:0:0:1 - - [06/Mar/2019:22:19:27 -0600] "GET /1 HTTP/1.1" 200 836
0:0:0:0:0:0:0:1 - - [06/Mar/2019:22:19:27 -0600] "GET /css/bootstrap.min.css HTTP/1.1" 200 83044
0:0:0:0:0:0:0:1 - - [06/Mar/2019:22:19:28 -0600] "GET /delete/1 HTTP/1.1" 302 -
0:0:0:0:0:0:0:1 - - [06/Mar/2019:22:19:28 -0600] "GET / HTTP/1.1" 200 664
0:0:0:0:0:0:0:1 - - [06/Mar/2019:22:19:28 -0600] "GET /css/bootstrap.min.css HTTP/1.1" 200 83044
0:0:0:0:0:0:0:1 - - [06/Mar/2019:22:21:41 -0600] "GET / HTTP/1.1" 302 -
0:0:0:0:0:0:0:1 - - [06/Mar/2019:22:21:41 -0600] "GET /login HTTP/1.1" 200 1406
0:0:0:0:0:0:0:1 - - [06/Mar/2019:22:21:49 -0600] "POST /login HTTP/1.1" 302 -
0:0:0:0:0:0:0:1 - - [06/Mar/2019:22:21:49 -0600] "GET / HTTP/1.1" 200 664
0:0:0:0:0:0:0:1 - - [06/Mar/2019:22:21:49 -0600] "GET /css/bootstrap.min.css HTTP/1.1" 200 83044
0:0:0:0:0:0:0:1 - - [06/Mar/2019:22:21:50 -0600] "GET /?form HTTP/1.1" 200 903
0:0:0:0:0:0:0:1 - - [06/Mar/2019:22:21:50 -0600] "GET /css/bootstrap.min.css HTTP/1.1" 200 83044
0:0:0:0:0:0:0:1 - - [06/Mar/2019:22:21:54 -0600] "POST /?form HTTP/1.1" 302 -
0:0:0:0:0:0:0:1 - - [06/Mar/2019:22:21:54 -0600] "GET /1 HTTP/1.1" 200 831
0:0:0:0:0:0:0:1 - - [06/Mar/2019:22:21:54 -0600] "GET /css/bootstrap.min.css HTTP/1.1" 200 83044
0:0:0:0:0:0:0:1 - - [06/Mar/2019:22:21:55 -0600] "GET /delete/1 HTTP/1.1" 302 -
0:0:0:0:0:0:0:1 - - [06/Mar/2019:22:21:55 -0600] "GET / HTTP/1.1" 200 664
0:0:0:0:0:0:0:1 - - [06/Mar/2019:22:21:55 -0600] "GET /css/bootstrap.min.css HTTP/1.1" 200 83044
0:0:0:0:0:0:0:1 - - [06/Mar/2019:22:23:22 -0600] "GET /?form HTTP/1.1" 200 903
0:0:0:0:0:0:0:1 - - [06/Mar/2019:22:23:22 -0600] "GET /css/bootstrap.min.css HTTP/1.1" 200 83044
0:0:0:0:0:0:0:1 - - [06/Mar/2019:22:23:25 -0600] "POST /?form HTTP/1.1" 302 -
0:0:0:0:0:0:0:1 - - [06/Mar/2019:22:23:25 -0600] "GET /2 HTTP/1.1" 200 848
0:0:0:0:0:0:0:1 - - [06/Mar/2019:22:23:25 -0600] "GET /css/bootstrap.min.css HTTP/1.1" 200 83044
0:0:0:0:0:0:0:1 - - [06/Mar/2019:22:23:28 -0600] "GET /delete/2 HTTP/1.1" 302 -
0:0:0:0:0:0:0:1 - - [06/Mar/2019:22:23:28 -0600] "GET / HTTP/1.1" 200 664
0:0:0:0:0:0:0:1 - - [06/Mar/2019:22:23:28 -0600] "GET /css/bootstrap.min.css HTTP/1.1" 200 83044
0:0:0:0:0:0:0:1 - - [06/Mar/2019:22:23:31 -0600] "GET /?form HTTP/1.1" 200 903
0:0:0:0:0:0:0:1 - - [06/Mar/2019:22:23:31 -0600] "GET /css/bootstrap.min.css HTTP/1.1" 200 83044
0:0:0:0:0:0:0:1 - - [06/Mar/2019:22:28:52 -0600] "GET / HTTP/1.1" 302 -
0:0:0:0:0:0:0:1 - - [06/Mar/2019:22:28:52 -0600] "GET /login HTTP/1.1" 200 1406
0:0:0:0:0:0:0:1 - - [06/Mar/2019:22:28:53 -0600] "GET / HTTP/1.1" 302 -
0:0:0:0:0:0:0:1 - - [06/Mar/2019:22:28:53 -0600] "GET /login HTTP/1.1" 200 1406
0:0:0:0:0:0:0:1 - - [06/Mar/2019:22:28:59 -0600] "POST /login HTTP/1.1" 302 -
0:0:0:0:0:0:0:1 - - [06/Mar/2019:22:28:59 -0600] "GET / HTTP/1.1" 200 664
0:0:0:0:0:0:0:1 - - [06/Mar/2019:22:28:59 -0600] "GET /css/bootstrap.min.css HTTP/1.1" 200 83044
0:0:0:0:0:0:0:1 - - [06/Mar/2019:22:29:01 -0600] "GET /?form HTTP/1.1" 200 903
0:0:0:0:0:0:0:1 - - [06/Mar/2019:22:29:01 -0600] "GET /css/bootstrap.min.css HTTP/1.1" 200 83044
0:0:0:0:0:0:0:1 - - [06/Mar/2019:22:29:04 -0600] "POST /?form HTTP/1.1" 302 -
0:0:0:0:0:0:0:1 - - [06/Mar/2019:22:29:04 -0600] "GET /1 HTTP/1.1" 200 836
0:0:0:0:0:0:0:1 - - [06/Mar/2019:22:29:04 -0600] "GET /css/bootstrap.min.css HTTP/1.1" 200 83044
0:0:0:0:0:0:0:1 - - [06/Mar/2019:22:29:06 -0600] "GET /delete/1 HTTP/1.1" 403 295
0:0:0:0:0:0:0:1 - - [06/Mar/2019:22:29:51 -0600] "GET / HTTP/1.1" 302 -
0:0:0:0:0:0:0:1 - - [06/Mar/2019:22:29:51 -0600] "GET /login HTTP/1.1" 200 1406
0:0:0:0:0:0:0:1 - - [06/Mar/2019:22:29:52 -0600] "GET / HTTP/1.1" 302 -
0:0:0:0:0:0:0:1 - - [06/Mar/2019:22:29:52 -0600] "GET /login HTTP/1.1" 200 1406
0:0:0:0:0:0:0:1 - - [06/Mar/2019:22:30:00 -0600] "POST /login HTTP/1.1" 302 -
0:0:0:0:0:0:0:1 - - [06/Mar/2019:22:30:01 -0600] "GET / HTTP/1.1" 200 664
0:0:0:0:0:0:0:1 - - [06/Mar/2019:22:30:01 -0600] "GET /css/bootstrap.min.css HTTP/1.1" 200 83044
0:0:0:0:0:0:0:1 - - [06/Mar/2019:22:30:02 -0600] "GET /?form HTTP/1.1" 200 903
0:0:0:0:0:0:0:1 - - [06/Mar/2019:22:30:02 -0600] "GET /css/bootstrap.min.css HTTP/1.1" 200 83044
0:0:0:0:0:0:0:1 - - [06/Mar/2019:22:30:09 -0600] "POST /?form HTTP/1.1" 302 -
0:0:0:0:0:0:0:1 - - [06/Mar/2019:22:30:09 -0600] "GET /1 HTTP/1.1" 200 836
0:0:0:0:0:0:0:1 - - [06/Mar/2019:22:30:09 -0600] "GET /css/bootstrap.min.css HTTP/1.1" 200 83044
0:0:0:0:0:0:0:1 - - [06/Mar/2019:22:30:10 -0600] "GET /delete/1 HTTP/1.1" 302 -
0:0:0:0:0:0:0:1 - - [06/Mar/2019:22:30:10 -0600] "GET / HTTP/1.1" 200 664
0:0:0:0:0:0:0:1 - - [06/Mar/2019:22:30:10 -0600] "GET /css/bootstrap.min.css HTTP/1.1" 200 83044
0:0:0:0:0:0:0:1 - - [06/Mar/2019:22:30:36 -0600] "GET / HTTP/1.1" 302 -
0:0:0:0:0:0:0:1 - - [06/Mar/2019:22:30:36 -0600] "GET /login HTTP/1.1" 200 1406
0:0:0:0:0:0:0:1 - - [06/Mar/2019:22:30:37 -0600] "GET / HTTP/1.1" 302 -
0:0:0:0:0:0:0:1 - - [06/Mar/2019:22:30:37 -0600] "GET /login HTTP/1.1" 200 1406
0:0:0:0:0:0:0:1 - - [06/Mar/2019:22:30:43 -0600] "POST /login HTTP/1.1" 302 -
0:0:0:0:0:0:0:1 - - [06/Mar/2019:22:30:44 -0600] "GET / HTTP/1.1" 200 664
0:0:0:0:0:0:0:1 - - [06/Mar/2019:22:30:44 -0600] "GET /css/bootstrap.min.css HTTP/1.1" 200 83044
0:0:0:0:0:0:0:1 - - [06/Mar/2019:22:30:45 -0600] "GET /?form HTTP/1.1" 200 903
0:0:0:0:0:0:0:1 - - [06/Mar/2019:22:30:45 -0600] "GET /css/bootstrap.min.css HTTP/1.1" 200 83044
0:0:0:0:0:0:0:1 - - [06/Mar/2019:22:30:49 -0600] "POST /?form HTTP/1.1" 302 -
0:0:0:0:0:0:0:1 - - [06/Mar/2019:22:30:49 -0600] "GET /1 HTTP/1.1" 200 828
0:0:0:0:0:0:0:1 - - [06/Mar/2019:22:30:49 -0600] "GET /css/bootstrap.min.css HTTP/1.1" 200 83044
0:0:0:0:0:0:0:1 - - [06/Mar/2019:22:30:50 -0600] "GET /delete/1 HTTP/1.1" 403 295
0:0:0:0:0:0:0:1 - - [06/Mar/2019:22:31:39 -0600] "GET / HTTP/1.1" 302 -
0:0:0:0:0:0:0:1 - - [06/Mar/2019:22:31:39 -0600] "GET /login HTTP/1.1" 200 1406
0:0:0:0:0:0:0:1 - - [06/Mar/2019:22:31:40 -0600] "GET / HTTP/1.1" 302 -
0:0:0:0:0:0:0:1 - - [06/Mar/2019:22:31:40 -0600] "GET /login HTTP/1.1" 200 1406
0:0:0:0:0:0:0:1 - - [06/Mar/2019:22:31:47 -0600] "POST /login HTTP/1.1" 302 -
0:0:0:0:0:0:0:1 - - [06/Mar/2019:22:31:47 -0600] "GET / HTTP/1.1" 200 664
0:0:0:0:0:0:0:1 - - [06/Mar/2019:22:31:47 -0600] "GET /css/bootstrap.min.css HTTP/1.1" 200 83044
0:0:0:0:0:0:0:1 - - [06/Mar/2019:22:31:49 -0600] "GET /?form HTTP/1.1" 200 903
0:0:0:0:0:0:0:1 - - [06/Mar/2019:22:31:49 -0600] "GET /css/bootstrap.min.css HTTP/1.1" 200 83044
0:0:0:0:0:0:0:1 - - [06/Mar/2019:22:31:52 -0600] "POST /?form HTTP/1.1" 302 -
0:0:0:0:0:0:0:1 - - [06/Mar/2019:22:31:52 -0600] "GET /1 HTTP/1.1" 200 836
0:0:0:0:0:0:0:1 - - [06/Mar/2019:22:31:52 -0600] "GET /css/bootstrap.min.css HTTP/1.1" 200 83044
0:0:0:0:0:0:0:1 - - [06/Mar/2019:22:31:53 -0600] "GET /delete/1 HTTP/1.1" 403 295
0:0:0:0:0:0:0:1 - - [06/Mar/2019:22:32:24 -0600] "GET / HTTP/1.1" 302 -
0:0:0:0:0:0:0:1 - - [06/Mar/2019:22:32:24 -0600] "GET /login HTTP/1.1" 200 1406
0:0:0:0:0:0:0:1 - - [06/Mar/2019:22:32:32 -0600] "POST /login HTTP/1.1" 302 -
0:0:0:0:0:0:0:1 - - [06/Mar/2019:22:32:32 -0600] "GET / HTTP/1.1" 200 664
0:0:0:0:0:0:0:1 - - [06/Mar/2019:22:32:32 -0600] "GET /css/bootstrap.min.css HTTP/1.1" 200 83044
0:0:0:0:0:0:0:1 - - [06/Mar/2019:22:32:33 -0600] "GET /?form HTTP/1.1" 200 903
0:0:0:0:0:0:0:1 - - [06/Mar/2019:22:32:33 -0600] "GET /css/bootstrap.min.css HTTP/1.1" 200 83044
0:0:0:0:0:0:0:1 - - [06/Mar/2019:22:32:37 -0600] "POST /?form HTTP/1.1" 302 -
0:0:0:0:0:0:0:1 - - [06/Mar/2019:22:32:37 -0600] "GET /1 HTTP/1.1" 200 836
0:0:0:0:0:0:0:1 - - [06/Mar/2019:22:32:37 -0600] "GET /css/bootstrap.min.css HTTP/1.1" 200 83044
0:0:0:0:0:0:0:1 - - [06/Mar/2019:22:32:38 -0600] "GET /delete/1 HTTP/1.1" 403 295
0:0:0:0:0:0:0:1 - - [06/Mar/2019:22:33:17 -0600] "GET / HTTP/1.1" 302 -
0:0:0:0:0:0:0:1 - - [06/Mar/2019:22:33:17 -0600] "GET /login HTTP/1.1" 200 1406
0:0:0:0:0:0:0:1 - - [06/Mar/2019:22:33:18 -0600] "GET / HTTP/1.1" 302 -
0:0:0:0:0:0:0:1 - - [06/Mar/2019:22:33:18 -0600] "GET /login HTTP/1.1" 200 1406
0:0:0:0:0:0:0:1 - - [06/Mar/2019:22:33:25 -0600] "POST /login HTTP/1.1" 302 -
0:0:0:0:0:0:0:1 - - [06/Mar/2019:22:33:26 -0600] "GET / HTTP/1.1" 200 664
0:0:0:0:0:0:0:1 - - [06/Mar/2019:22:33:26 -0600] "GET /css/bootstrap.min.css HTTP/1.1" 200 83044
0:0:0:0:0:0:0:1 - - [06/Mar/2019:22:33:27 -0600] "GET /?form HTTP/1.1" 200 903
0:0:0:0:0:0:0:1 - - [06/Mar/2019:22:33:27 -0600] "GET /css/bootstrap.min.css HTTP/1.1" 200 83044
0:0:0:0:0:0:0:1 - - [06/Mar/2019:22:33:30 -0600] "POST /?form HTTP/1.1" 302 -
0:0:0:0:0:0:0:1 - - [06/Mar/2019:22:33:30 -0600] "GET /1 HTTP/1.1" 200 836
0:0:0:0:0:0:0:1 - - [06/Mar/2019:22:33:30 -0600] "GET /css/bootstrap.min.css HTTP/1.1" 200 83044
0:0:0:0:0:0:0:1 - - [06/Mar/2019:22:33:31 -0600] "GET /delete/1 HTTP/1.1" 302 -
0:0:0:0:0:0:0:1 - - [06/Mar/2019:22:33:31 -0600] "GET / HTTP/1.1" 200 664
0:0:0:0:0:0:0:1 - - [06/Mar/2019:22:33:31 -0600] "GET /css/bootstrap.min.css HTTP/1.1" 200 83044
0:0:0:0:0:0:0:1 - - [06/Mar/2019:22:34:19 -0600] "GET / HTTP/1.1" 302 -
0:0:0:0:0:0:0:1 - - [06/Mar/2019:22:34:19 -0600] "GET /login HTTP/1.1" 200 1406
0:0:0:0:0:0:0:1 - - [06/Mar/2019:22:34:20 -0600] "GET / HTTP/1.1" 302 -
0:0:0:0:0:0:0:1 - - [06/Mar/2019:22:34:20 -0600] "GET /login HTTP/1.1" 200 1406
0:0:0:0:0:0:0:1 - - [06/Mar/2019:22:34:26 -0600] "POST /login HTTP/1.1" 302 -
0:0:0:0:0:0:0:1 - - [06/Mar/2019:22:34:26 -0600] "GET / HTTP/1.1" 200 664
0:0:0:0:0:0:0:1 - - [06/Mar/2019:22:34:26 -0600] "GET /css/bootstrap.min.css HTTP/1.1" 200 83044
0:0:0:0:0:0:0:1 - - [06/Mar/2019:22:34:28 -0600] "GET /?form HTTP/1.1" 200 903
0:0:0:0:0:0:0:1 - - [06/Mar/2019:22:34:28 -0600] "GET /css/bootstrap.min.css HTTP/1.1" 200 83044
0:0:0:0:0:0:0:1 - - [06/Mar/2019:22:34:31 -0600] "POST /?form HTTP/1.1" 302 -
0:0:0:0:0:0:0:1 - - [06/Mar/2019:22:34:31 -0600] "GET /1 HTTP/1.1" 200 836
0:0:0:0:0:0:0:1 - - [06/Mar/2019:22:34:31 -0600] "GET /css/bootstrap.min.css HTTP/1.1" 200 83044
0:0:0:0:0:0:0:1 - - [06/Mar/2019:22:34:32 -0600] "GET /delete/1 HTTP/1.1" 302 -
0:0:0:0:0:0:0:1 - - [06/Mar/2019:22:34:32 -0600] "GET / HTTP/1.1" 200 664
0:0:0:0:0:0:0:1 - - [06/Mar/2019:22:34:32 -0600] "GET /css/bootstrap.min.css HTTP/1.1" 200 83044
0:0:0:0:0:0:0:1 - - [06/Mar/2019:22:34:47 -0600] "GET / HTTP/1.1" 302 -
0:0:0:0:0:0:0:1 - - [06/Mar/2019:22:34:47 -0600] "GET /login HTTP/1.1" 200 1406
0:0:0:0:0:0:0:1 - - [06/Mar/2019:22:34:49 -0600] "POST /login HTTP/1.1" 302 -
0:0:0:0:0:0:0:1 - - [06/Mar/2019:22:34:49 -0600] "GET /login?error HTTP/1.1" 200 1472
0:0:0:0:0:0:0:1 - - [06/Mar/2019:22:34:54 -0600] "POST /login HTTP/1.1" 302 -
0:0:0:0:0:0:0:1 - - [06/Mar/2019:22:34:54 -0600] "GET / HTTP/1.1" 200 664
0:0:0:0:0:0:0:1 - - [06/Mar/2019:22:34:55 -0600] "GET /css/bootstrap.min.css HTTP/1.1" 200 83044
0:0:0:0:0:0:0:1 - - [06/Mar/2019:22:34:56 -0600] "GET /?form HTTP/1.1" 200 903
0:0:0:0:0:0:0:1 - - [06/Mar/2019:22:34:56 -0600] "GET /css/bootstrap.min.css HTTP/1.1" 200 83044
0:0:0:0:0:0:0:1 - - [06/Mar/2019:22:34:59 -0600] "POST /?form HTTP/1.1" 302 -
0:0:0:0:0:0:0:1 - - [06/Mar/2019:22:34:59 -0600] "GET /1 HTTP/1.1" 200 836
0:0:0:0:0:0:0:1 - - [06/Mar/2019:22:34:59 -0600] "GET /css/bootstrap.min.css HTTP/1.1" 200 83044
0:0:0:0:0:0:0:1 - - [06/Mar/2019:22:35:00 -0600] "GET /delete/1 HTTP/1.1" 403 295
