0:0:0:0:0:0:0:1 - - [07/Mar/2019:19:55:51 -0600] "GET / HTTP/1.1" 302 -
0:0:0:0:0:0:0:1 - - [07/Mar/2019:19:55:51 -0600] "GET / HTTP/1.1" 302 -
0:0:0:0:0:0:0:1 - - [07/Mar/2019:19:55:51 -0600] "GET / HTTP/1.1" 302 -
0:0:0:0:0:0:0:1 - - [07/Mar/2019:19:55:51 -0600] "GET / HTTP/1.1" 302 -
0:0:0:0:0:0:0:1 - - [07/Mar/2019:19:55:51 -0600] "GET / HTTP/1.1" 302 -
0:0:0:0:0:0:0:1 - - [07/Mar/2019:19:55:51 -0600] "GET / HTTP/1.1" 302 -
0:0:0:0:0:0:0:1 - - [07/Mar/2019:19:55:51 -0600] "GET / HTTP/1.1" 302 -
0:0:0:0:0:0:0:1 - - [07/Mar/2019:19:55:51 -0600] "GET / HTTP/1.1" 302 -
0:0:0:0:0:0:0:1 - - [07/Mar/2019:19:55:51 -0600] "GET / HTTP/1.1" 302 -
0:0:0:0:0:0:0:1 - - [07/Mar/2019:19:55:51 -0600] "GET / HTTP/1.1" 302 -
0:0:0:0:0:0:0:1 - - [07/Mar/2019:19:55:51 -0600] "GET / HTTP/1.1" 302 -
0:0:0:0:0:0:0:1 - - [07/Mar/2019:19:55:51 -0600] "GET / HTTP/1.1" 302 -
0:0:0:0:0:0:0:1 - - [07/Mar/2019:19:55:51 -0600] "GET / HTTP/1.1" 302 -
0:0:0:0:0:0:0:1 - - [07/Mar/2019:19:55:51 -0600] "GET / HTTP/1.1" 302 -
0:0:0:0:0:0:0:1 - - [07/Mar/2019:19:55:51 -0600] "GET / HTTP/1.1" 302 -
0:0:0:0:0:0:0:1 - - [07/Mar/2019:19:55:51 -0600] "GET / HTTP/1.1" 302 -
0:0:0:0:0:0:0:1 - - [07/Mar/2019:19:55:51 -0600] "GET / HTTP/1.1" 302 -
0:0:0:0:0:0:0:1 - - [07/Mar/2019:19:55:51 -0600] "GET / HTTP/1.1" 302 -
0:0:0:0:0:0:0:1 - - [07/Mar/2019:19:55:51 -0600] "GET / HTTP/1.1" 302 -
0:0:0:0:0:0:0:1 - - [07/Mar/2019:19:55:51 -0600] "GET / HTTP/1.1" 302 -
0:0:0:0:0:0:0:1 - - [07/Mar/2019:19:55:52 -0600] "GET / HTTP/1.1" 302 -
0:0:0:0:0:0:0:1 - - [07/Mar/2019:19:55:52 -0600] "GET / HTTP/1.1" 302 -
0:0:0:0:0:0:0:1 - - [07/Mar/2019:19:55:52 -0600] "GET / HTTP/1.1" 302 -
0:0:0:0:0:0:0:1 - - [07/Mar/2019:19:55:52 -0600] "GET / HTTP/1.1" 302 -
0:0:0:0:0:0:0:1 - - [07/Mar/2019:19:55:52 -0600] "GET / HTTP/1.1" 302 -
0:0:0:0:0:0:0:1 - - [07/Mar/2019:19:55:52 -0600] "GET / HTTP/1.1" 302 -
0:0:0:0:0:0:0:1 - - [07/Mar/2019:19:55:52 -0600] "GET / HTTP/1.1" 302 -
0:0:0:0:0:0:0:1 - - [07/Mar/2019:19:55:52 -0600] "GET / HTTP/1.1" 302 -
0:0:0:0:0:0:0:1 - - [07/Mar/2019:19:55:52 -0600] "GET / HTTP/1.1" 302 -
0:0:0:0:0:0:0:1 - - [07/Mar/2019:19:55:52 -0600] "GET / HTTP/1.1" 302 -
0:0:0:0:0:0:0:1 - - [07/Mar/2019:19:55:52 -0600] "GET / HTTP/1.1" 302 -
0:0:0:0:0:0:0:1 - - [07/Mar/2019:19:55:52 -0600] "GET / HTTP/1.1" 302 -
0:0:0:0:0:0:0:1 - - [07/Mar/2019:19:55:52 -0600] "GET / HTTP/1.1" 302 -
0:0:0:0:0:0:0:1 - - [07/Mar/2019:19:55:52 -0600] "GET / HTTP/1.1" 302 -
0:0:0:0:0:0:0:1 - - [07/Mar/2019:19:55:52 -0600] "GET / HTTP/1.1" 302 -
0:0:0:0:0:0:0:1 - - [07/Mar/2019:19:55:52 -0600] "GET / HTTP/1.1" 302 -
0:0:0:0:0:0:0:1 - - [07/Mar/2019:19:55:52 -0600] "GET / HTTP/1.1" 302 -
0:0:0:0:0:0:0:1 - - [07/Mar/2019:19:55:52 -0600] "GET / HTTP/1.1" 302 -
0:0:0:0:0:0:0:1 - - [07/Mar/2019:19:55:52 -0600] "GET / HTTP/1.1" 302 -
0:0:0:0:0:0:0:1 - - [07/Mar/2019:19:55:52 -0600] "GET / HTTP/1.1" 302 -
0:0:0:0:0:0:0:1 - - [07/Mar/2019:19:55:52 -0600] "GET / HTTP/1.1" 302 -
0:0:0:0:0:0:0:1 - - [07/Mar/2019:19:55:52 -0600] "GET / HTTP/1.1" 302 -
0:0:0:0:0:0:0:1 - - [07/Mar/2019:19:55:52 -0600] "GET / HTTP/1.1" 302 -
0:0:0:0:0:0:0:1 - - [07/Mar/2019:19:55:52 -0600] "GET / HTTP/1.1" 302 -
0:0:0:0:0:0:0:1 - - [07/Mar/2019:19:55:52 -0600] "GET / HTTP/1.1" 302 -
0:0:0:0:0:0:0:1 - - [07/Mar/2019:19:55:52 -0600] "GET / HTTP/1.1" 302 -
0:0:0:0:0:0:0:1 - - [07/Mar/2019:19:55:52 -0600] "GET / HTTP/1.1" 302 -
0:0:0:0:0:0:0:1 - - [07/Mar/2019:19:55:52 -0600] "GET / HTTP/1.1" 302 -
0:0:0:0:0:0:0:1 - - [07/Mar/2019:19:55:52 -0600] "GET / HTTP/1.1" 302 -
0:0:0:0:0:0:0:1 - - [07/Mar/2019:19:55:52 -0600] "GET / HTTP/1.1" 302 -
0:0:0:0:0:0:0:1 - - [07/Mar/2019:19:55:52 -0600] "GET / HTTP/1.1" 302 -
0:0:0:0:0:0:0:1 - - [07/Mar/2019:19:55:52 -0600] "GET / HTTP/1.1" 302 -
0:0:0:0:0:0:0:1 - - [07/Mar/2019:19:55:52 -0600] "GET / HTTP/1.1" 302 -
0:0:0:0:0:0:0:1 - - [07/Mar/2019:19:55:52 -0600] "GET / HTTP/1.1" 302 -
0:0:0:0:0:0:0:1 - - [07/Mar/2019:19:55:52 -0600] "GET / HTTP/1.1" 302 -
0:0:0:0:0:0:0:1 - - [07/Mar/2019:19:55:52 -0600] "GET / HTTP/1.1" 302 -
0:0:0:0:0:0:0:1 - - [07/Mar/2019:19:55:52 -0600] "GET / HTTP/1.1" 302 -
0:0:0:0:0:0:0:1 - - [07/Mar/2019:19:55:52 -0600] "GET / HTTP/1.1" 302 -
0:0:0:0:0:0:0:1 - - [07/Mar/2019:19:55:52 -0600] "GET / HTTP/1.1" 302 -
0:0:0:0:0:0:0:1 - - [07/Mar/2019:19:55:52 -0600] "GET / HTTP/1.1" 302 -
0:0:0:0:0:0:0:1 - - [07/Mar/2019:19:56:00 -0600] "GET / HTTP/1.1" 302 -
0:0:0:0:0:0:0:1 - - [07/Mar/2019:19:56:00 -0600] "GET / HTTP/1.1" 302 -
0:0:0:0:0:0:0:1 - - [07/Mar/2019:19:56:00 -0600] "GET / HTTP/1.1" 302 -
0:0:0:0:0:0:0:1 - - [07/Mar/2019:19:56:00 -0600] "GET / HTTP/1.1" 302 -
0:0:0:0:0:0:0:1 - - [07/Mar/2019:19:56:00 -0600] "GET / HTTP/1.1" 302 -
0:0:0:0:0:0:0:1 - - [07/Mar/2019:19:56:00 -0600] "GET / HTTP/1.1" 302 -
0:0:0:0:0:0:0:1 - - [07/Mar/2019:19:56:00 -0600] "GET / HTTP/1.1" 302 -
0:0:0:0:0:0:0:1 - - [07/Mar/2019:19:56:00 -0600] "GET / HTTP/1.1" 302 -
0:0:0:0:0:0:0:1 - - [07/Mar/2019:19:56:00 -0600] "GET / HTTP/1.1" 302 -
0:0:0:0:0:0:0:1 - - [07/Mar/2019:19:56:00 -0600] "GET / HTTP/1.1" 302 -
0:0:0:0:0:0:0:1 - - [07/Mar/2019:19:56:00 -0600] "GET / HTTP/1.1" 302 -
0:0:0:0:0:0:0:1 - - [07/Mar/2019:19:56:00 -0600] "GET / HTTP/1.1" 302 -
0:0:0:0:0:0:0:1 - - [07/Mar/2019:19:56:00 -0600] "GET / HTTP/1.1" 302 -
0:0:0:0:0:0:0:1 - - [07/Mar/2019:19:56:00 -0600] "GET / HTTP/1.1" 302 -
0:0:0:0:0:0:0:1 - - [07/Mar/2019:19:56:00 -0600] "GET / HTTP/1.1" 302 -
0:0:0:0:0:0:0:1 - - [07/Mar/2019:19:56:00 -0600] "GET / HTTP/1.1" 302 -
0:0:0:0:0:0:0:1 - - [07/Mar/2019:19:56:00 -0600] "GET / HTTP/1.1" 302 -
0:0:0:0:0:0:0:1 - - [07/Mar/2019:19:56:00 -0600] "GET / HTTP/1.1" 302 -
0:0:0:0:0:0:0:1 - - [07/Mar/2019:19:56:00 -0600] "GET / HTTP/1.1" 302 -
0:0:0:0:0:0:0:1 - - [07/Mar/2019:19:56:00 -0600] "GET / HTTP/1.1" 302 -
0:0:0:0:0:0:0:1 - - [07/Mar/2019:19:56:00 -0600] "GET / HTTP/1.1" 302 -
0:0:0:0:0:0:0:1 - - [07/Mar/2019:19:56:00 -0600] "GET / HTTP/1.1" 302 -
0:0:0:0:0:0:0:1 - - [07/Mar/2019:19:56:00 -0600] "GET / HTTP/1.1" 302 -
0:0:0:0:0:0:0:1 - - [07/Mar/2019:19:56:00 -0600] "GET / HTTP/1.1" 302 -
0:0:0:0:0:0:0:1 - - [07/Mar/2019:19:56:00 -0600] "GET / HTTP/1.1" 302 -
0:0:0:0:0:0:0:1 - - [07/Mar/2019:19:56:00 -0600] "GET / HTTP/1.1" 302 -
0:0:0:0:0:0:0:1 - - [07/Mar/2019:19:56:00 -0600] "GET / HTTP/1.1" 302 -
0:0:0:0:0:0:0:1 - - [07/Mar/2019:19:56:00 -0600] "GET / HTTP/1.1" 302 -
0:0:0:0:0:0:0:1 - - [07/Mar/2019:19:56:00 -0600] "GET / HTTP/1.1" 302 -
0:0:0:0:0:0:0:1 - - [07/Mar/2019:19:56:00 -0600] "GET / HTTP/1.1" 302 -
0:0:0:0:0:0:0:1 - - [07/Mar/2019:19:56:00 -0600] "GET / HTTP/1.1" 302 -
0:0:0:0:0:0:0:1 - - [07/Mar/2019:19:56:00 -0600] "GET / HTTP/1.1" 302 -
0:0:0:0:0:0:0:1 - - [07/Mar/2019:19:56:00 -0600] "GET / HTTP/1.1" 302 -
0:0:0:0:0:0:0:1 - - [07/Mar/2019:19:56:00 -0600] "GET / HTTP/1.1" 302 -
0:0:0:0:0:0:0:1 - - [07/Mar/2019:19:56:00 -0600] "GET / HTTP/1.1" 302 -
0:0:0:0:0:0:0:1 - - [07/Mar/2019:19:56:00 -0600] "GET / HTTP/1.1" 302 -
0:0:0:0:0:0:0:1 - - [07/Mar/2019:19:56:00 -0600] "GET / HTTP/1.1" 302 -
0:0:0:0:0:0:0:1 - - [07/Mar/2019:19:56:00 -0600] "GET / HTTP/1.1" 302 -
0:0:0:0:0:0:0:1 - - [07/Mar/2019:19:56:00 -0600] "GET / HTTP/1.1" 302 -
0:0:0:0:0:0:0:1 - - [07/Mar/2019:19:56:00 -0600] "GET / HTTP/1.1" 302 -
0:0:0:0:0:0:0:1 - - [07/Mar/2019:19:56:01 -0600] "GET / HTTP/1.1" 302 -
0:0:0:0:0:0:0:1 - - [07/Mar/2019:19:56:01 -0600] "GET / HTTP/1.1" 302 -
0:0:0:0:0:0:0:1 - - [07/Mar/2019:19:56:01 -0600] "GET / HTTP/1.1" 302 -
0:0:0:0:0:0:0:1 - - [07/Mar/2019:19:56:01 -0600] "GET / HTTP/1.1" 302 -
0:0:0:0:0:0:0:1 - - [07/Mar/2019:19:56:01 -0600] "GET / HTTP/1.1" 302 -
0:0:0:0:0:0:0:1 - - [07/Mar/2019:19:56:01 -0600] "GET / HTTP/1.1" 302 -
0:0:0:0:0:0:0:1 - - [07/Mar/2019:19:56:01 -0600] "GET / HTTP/1.1" 302 -
0:0:0:0:0:0:0:1 - - [07/Mar/2019:19:56:01 -0600] "GET / HTTP/1.1" 302 -
0:0:0:0:0:0:0:1 - - [07/Mar/2019:19:56:01 -0600] "GET / HTTP/1.1" 302 -
0:0:0:0:0:0:0:1 - - [07/Mar/2019:19:56:01 -0600] "GET / HTTP/1.1" 302 -
0:0:0:0:0:0:0:1 - - [07/Mar/2019:19:56:01 -0600] "GET / HTTP/1.1" 302 -
0:0:0:0:0:0:0:1 - - [07/Mar/2019:19:56:01 -0600] "GET / HTTP/1.1" 302 -
0:0:0:0:0:0:0:1 - - [07/Mar/2019:19:56:01 -0600] "GET / HTTP/1.1" 302 -
0:0:0:0:0:0:0:1 - - [07/Mar/2019:19:56:01 -0600] "GET / HTTP/1.1" 302 -
0:0:0:0:0:0:0:1 - - [07/Mar/2019:19:56:01 -0600] "GET / HTTP/1.1" 302 -
0:0:0:0:0:0:0:1 - - [07/Mar/2019:19:56:01 -0600] "GET / HTTP/1.1" 302 -
0:0:0:0:0:0:0:1 - - [07/Mar/2019:19:56:01 -0600] "GET / HTTP/1.1" 302 -
0:0:0:0:0:0:0:1 - - [07/Mar/2019:19:56:01 -0600] "GET / HTTP/1.1" 302 -
0:0:0:0:0:0:0:1 - - [07/Mar/2019:19:56:01 -0600] "GET / HTTP/1.1" 302 -
0:0:0:0:0:0:0:1 - - [07/Mar/2019:19:56:01 -0600] "GET / HTTP/1.1" 302 -
0:0:0:0:0:0:0:1 - - [07/Mar/2019:19:56:03 -0600] "GET / HTTP/1.1" 302 -
0:0:0:0:0:0:0:1 - - [07/Mar/2019:19:56:03 -0600] "GET / HTTP/1.1" 302 -
0:0:0:0:0:0:0:1 - - [07/Mar/2019:19:56:03 -0600] "GET / HTTP/1.1" 302 -
0:0:0:0:0:0:0:1 - - [07/Mar/2019:19:56:03 -0600] "GET / HTTP/1.1" 302 -
0:0:0:0:0:0:0:1 - - [07/Mar/2019:19:56:03 -0600] "GET / HTTP/1.1" 302 -
0:0:0:0:0:0:0:1 - - [07/Mar/2019:19:56:03 -0600] "GET / HTTP/1.1" 302 -
0:0:0:0:0:0:0:1 - - [07/Mar/2019:19:56:03 -0600] "GET / HTTP/1.1" 302 -
0:0:0:0:0:0:0:1 - - [07/Mar/2019:19:56:03 -0600] "GET / HTTP/1.1" 302 -
0:0:0:0:0:0:0:1 - - [07/Mar/2019:19:56:03 -0600] "GET / HTTP/1.1" 302 -
0:0:0:0:0:0:0:1 - - [07/Mar/2019:19:56:03 -0600] "GET / HTTP/1.1" 302 -
0:0:0:0:0:0:0:1 - - [07/Mar/2019:19:56:03 -0600] "GET / HTTP/1.1" 302 -
0:0:0:0:0:0:0:1 - - [07/Mar/2019:19:56:03 -0600] "GET / HTTP/1.1" 302 -
0:0:0:0:0:0:0:1 - - [07/Mar/2019:19:56:03 -0600] "GET / HTTP/1.1" 302 -
0:0:0:0:0:0:0:1 - - [07/Mar/2019:19:56:03 -0600] "GET / HTTP/1.1" 302 -
0:0:0:0:0:0:0:1 - - [07/Mar/2019:19:56:03 -0600] "GET / HTTP/1.1" 302 -
0:0:0:0:0:0:0:1 - - [07/Mar/2019:19:56:03 -0600] "GET / HTTP/1.1" 302 -
0:0:0:0:0:0:0:1 - - [07/Mar/2019:19:56:03 -0600] "GET / HTTP/1.1" 302 -
0:0:0:0:0:0:0:1 - - [07/Mar/2019:19:56:03 -0600] "GET / HTTP/1.1" 302 -
0:0:0:0:0:0:0:1 - - [07/Mar/2019:19:56:03 -0600] "GET / HTTP/1.1" 302 -
0:0:0:0:0:0:0:1 - - [07/Mar/2019:19:56:03 -0600] "GET / HTTP/1.1" 302 -
0:0:0:0:0:0:0:1 - - [07/Mar/2019:19:56:08 -0600] "GET / HTTP/1.1" 302 -
0:0:0:0:0:0:0:1 - - [07/Mar/2019:19:56:08 -0600] "GET / HTTP/1.1" 302 -
0:0:0:0:0:0:0:1 - - [07/Mar/2019:19:56:08 -0600] "GET / HTTP/1.1" 302 -
0:0:0:0:0:0:0:1 - - [07/Mar/2019:19:56:08 -0600] "GET / HTTP/1.1" 302 -
0:0:0:0:0:0:0:1 - - [07/Mar/2019:19:56:08 -0600] "GET / HTTP/1.1" 302 -
0:0:0:0:0:0:0:1 - - [07/Mar/2019:19:56:08 -0600] "GET / HTTP/1.1" 302 -
0:0:0:0:0:0:0:1 - - [07/Mar/2019:19:56:08 -0600] "GET / HTTP/1.1" 302 -
0:0:0:0:0:0:0:1 - - [07/Mar/2019:19:56:08 -0600] "GET / HTTP/1.1" 302 -
0:0:0:0:0:0:0:1 - - [07/Mar/2019:19:56:08 -0600] "GET / HTTP/1.1" 302 -
0:0:0:0:0:0:0:1 - - [07/Mar/2019:19:56:08 -0600] "GET / HTTP/1.1" 302 -
0:0:0:0:0:0:0:1 - - [07/Mar/2019:19:56:08 -0600] "GET / HTTP/1.1" 302 -
0:0:0:0:0:0:0:1 - - [07/Mar/2019:19:56:08 -0600] "GET / HTTP/1.1" 302 -
0:0:0:0:0:0:0:1 - - [07/Mar/2019:19:56:08 -0600] "GET / HTTP/1.1" 302 -
0:0:0:0:0:0:0:1 - - [07/Mar/2019:19:56:08 -0600] "GET / HTTP/1.1" 302 -
0:0:0:0:0:0:0:1 - - [07/Mar/2019:19:56:08 -0600] "GET / HTTP/1.1" 302 -
0:0:0:0:0:0:0:1 - - [07/Mar/2019:19:56:08 -0600] "GET / HTTP/1.1" 302 -
0:0:0:0:0:0:0:1 - - [07/Mar/2019:19:56:08 -0600] "GET / HTTP/1.1" 302 -
0:0:0:0:0:0:0:1 - - [07/Mar/2019:19:56:08 -0600] "GET / HTTP/1.1" 302 -
0:0:0:0:0:0:0:1 - - [07/Mar/2019:19:56:08 -0600] "GET / HTTP/1.1" 302 -
0:0:0:0:0:0:0:1 - - [07/Mar/2019:19:56:08 -0600] "GET / HTTP/1.1" 302 -
0:0:0:0:0:0:0:1 - - [07/Mar/2019:19:56:22 -0600] "GET / HTTP/1.1" 302 -
0:0:0:0:0:0:0:1 - - [07/Mar/2019:19:56:22 -0600] "GET / HTTP/1.1" 302 -
0:0:0:0:0:0:0:1 - - [07/Mar/2019:19:56:22 -0600] "GET / HTTP/1.1" 302 -
0:0:0:0:0:0:0:1 - - [07/Mar/2019:19:56:22 -0600] "GET / HTTP/1.1" 302 -
0:0:0:0:0:0:0:1 - - [07/Mar/2019:19:56:22 -0600] "GET / HTTP/1.1" 302 -
0:0:0:0:0:0:0:1 - - [07/Mar/2019:19:56:22 -0600] "GET / HTTP/1.1" 302 -
0:0:0:0:0:0:0:1 - - [07/Mar/2019:19:56:22 -0600] "GET / HTTP/1.1" 302 -
0:0:0:0:0:0:0:1 - - [07/Mar/2019:19:56:22 -0600] "GET / HTTP/1.1" 302 -
0:0:0:0:0:0:0:1 - - [07/Mar/2019:19:56:22 -0600] "GET / HTTP/1.1" 302 -
0:0:0:0:0:0:0:1 - - [07/Mar/2019:19:56:22 -0600] "GET / HTTP/1.1" 302 -
0:0:0:0:0:0:0:1 - - [07/Mar/2019:19:56:22 -0600] "GET / HTTP/1.1" 302 -
0:0:0:0:0:0:0:1 - - [07/Mar/2019:19:56:22 -0600] "GET / HTTP/1.1" 302 -
0:0:0:0:0:0:0:1 - - [07/Mar/2019:19:56:22 -0600] "GET / HTTP/1.1" 302 -
0:0:0:0:0:0:0:1 - - [07/Mar/2019:19:56:22 -0600] "GET / HTTP/1.1" 302 -
0:0:0:0:0:0:0:1 - - [07/Mar/2019:19:56:22 -0600] "GET / HTTP/1.1" 302 -
0:0:0:0:0:0:0:1 - - [07/Mar/2019:19:56:22 -0600] "GET / HTTP/1.1" 302 -
0:0:0:0:0:0:0:1 - - [07/Mar/2019:19:56:22 -0600] "GET / HTTP/1.1" 302 -
0:0:0:0:0:0:0:1 - - [07/Mar/2019:19:56:22 -0600] "GET / HTTP/1.1" 302 -
0:0:0:0:0:0:0:1 - - [07/Mar/2019:19:56:22 -0600] "GET / HTTP/1.1" 302 -
0:0:0:0:0:0:0:1 - - [07/Mar/2019:19:56:22 -0600] "GET / HTTP/1.1" 302 -
0:0:0:0:0:0:0:1 - - [07/Mar/2019:19:56:27 -0600] "GET /login HTTP/1.1" 302 -
0:0:0:0:0:0:0:1 - - [07/Mar/2019:19:56:27 -0600] "GET / HTTP/1.1" 302 -
0:0:0:0:0:0:0:1 - - [07/Mar/2019:19:56:27 -0600] "GET / HTTP/1.1" 302 -
0:0:0:0:0:0:0:1 - - [07/Mar/2019:19:56:27 -0600] "GET / HTTP/1.1" 302 -
0:0:0:0:0:0:0:1 - - [07/Mar/2019:19:56:27 -0600] "GET / HTTP/1.1" 302 -
0:0:0:0:0:0:0:1 - - [07/Mar/2019:19:56:27 -0600] "GET / HTTP/1.1" 302 -
0:0:0:0:0:0:0:1 - - [07/Mar/2019:19:56:27 -0600] "GET / HTTP/1.1" 302 -
0:0:0:0:0:0:0:1 - - [07/Mar/2019:19:56:27 -0600] "GET / HTTP/1.1" 302 -
0:0:0:0:0:0:0:1 - - [07/Mar/2019:19:56:27 -0600] "GET / HTTP/1.1" 302 -
0:0:0:0:0:0:0:1 - - [07/Mar/2019:19:56:27 -0600] "GET / HTTP/1.1" 302 -
0:0:0:0:0:0:0:1 - - [07/Mar/2019:19:56:27 -0600] "GET / HTTP/1.1" 302 -
0:0:0:0:0:0:0:1 - - [07/Mar/2019:19:56:27 -0600] "GET / HTTP/1.1" 302 -
0:0:0:0:0:0:0:1 - - [07/Mar/2019:19:56:27 -0600] "GET / HTTP/1.1" 302 -
0:0:0:0:0:0:0:1 - - [07/Mar/2019:19:56:27 -0600] "GET / HTTP/1.1" 302 -
0:0:0:0:0:0:0:1 - - [07/Mar/2019:19:56:27 -0600] "GET / HTTP/1.1" 302 -
0:0:0:0:0:0:0:1 - - [07/Mar/2019:19:56:27 -0600] "GET / HTTP/1.1" 302 -
0:0:0:0:0:0:0:1 - - [07/Mar/2019:19:56:27 -0600] "GET / HTTP/1.1" 302 -
0:0:0:0:0:0:0:1 - - [07/Mar/2019:19:56:27 -0600] "GET / HTTP/1.1" 302 -
0:0:0:0:0:0:0:1 - - [07/Mar/2019:19:56:27 -0600] "GET / HTTP/1.1" 302 -
0:0:0:0:0:0:0:1 - - [07/Mar/2019:19:56:27 -0600] "GET / HTTP/1.1" 302 -
0:0:0:0:0:0:0:1 - - [07/Mar/2019:19:56:57 -0600] "GET / HTTP/1.1" 302 -
0:0:0:0:0:0:0:1 - - [07/Mar/2019:19:56:57 -0600] "GET / HTTP/1.1" 302 -
0:0:0:0:0:0:0:1 - - [07/Mar/2019:19:56:57 -0600] "GET / HTTP/1.1" 302 -
0:0:0:0:0:0:0:1 - - [07/Mar/2019:19:56:57 -0600] "GET / HTTP/1.1" 302 -
0:0:0:0:0:0:0:1 - - [07/Mar/2019:19:56:57 -0600] "GET / HTTP/1.1" 302 -
0:0:0:0:0:0:0:1 - - [07/Mar/2019:19:56:57 -0600] "GET / HTTP/1.1" 302 -
0:0:0:0:0:0:0:1 - - [07/Mar/2019:19:56:57 -0600] "GET / HTTP/1.1" 302 -
0:0:0:0:0:0:0:1 - - [07/Mar/2019:19:56:57 -0600] "GET / HTTP/1.1" 302 -
0:0:0:0:0:0:0:1 - - [07/Mar/2019:19:56:57 -0600] "GET / HTTP/1.1" 302 -
0:0:0:0:0:0:0:1 - - [07/Mar/2019:19:56:57 -0600] "GET / HTTP/1.1" 302 -
0:0:0:0:0:0:0:1 - - [07/Mar/2019:19:56:57 -0600] "GET / HTTP/1.1" 302 -
0:0:0:0:0:0:0:1 - - [07/Mar/2019:19:56:57 -0600] "GET / HTTP/1.1" 302 -
0:0:0:0:0:0:0:1 - - [07/Mar/2019:19:56:57 -0600] "GET / HTTP/1.1" 302 -
0:0:0:0:0:0:0:1 - - [07/Mar/2019:19:56:57 -0600] "GET / HTTP/1.1" 302 -
0:0:0:0:0:0:0:1 - - [07/Mar/2019:19:56:57 -0600] "GET / HTTP/1.1" 302 -
0:0:0:0:0:0:0:1 - - [07/Mar/2019:19:56:57 -0600] "GET / HTTP/1.1" 302 -
0:0:0:0:0:0:0:1 - - [07/Mar/2019:19:56:57 -0600] "GET / HTTP/1.1" 302 -
0:0:0:0:0:0:0:1 - - [07/Mar/2019:19:56:57 -0600] "GET / HTTP/1.1" 302 -
0:0:0:0:0:0:0:1 - - [07/Mar/2019:19:56:57 -0600] "GET / HTTP/1.1" 302 -
0:0:0:0:0:0:0:1 - - [07/Mar/2019:19:56:57 -0600] "GET / HTTP/1.1" 302 -
0:0:0:0:0:0:0:1 - - [07/Mar/2019:19:57:32 -0600] "GET / HTTP/1.1" 302 -
0:0:0:0:0:0:0:1 - - [07/Mar/2019:19:57:32 -0600] "GET / HTTP/1.1" 302 -
0:0:0:0:0:0:0:1 - - [07/Mar/2019:19:57:32 -0600] "GET / HTTP/1.1" 302 -
0:0:0:0:0:0:0:1 - - [07/Mar/2019:19:57:32 -0600] "GET / HTTP/1.1" 302 -
0:0:0:0:0:0:0:1 - - [07/Mar/2019:19:57:32 -0600] "GET / HTTP/1.1" 302 -
0:0:0:0:0:0:0:1 - - [07/Mar/2019:19:57:32 -0600] "GET / HTTP/1.1" 302 -
0:0:0:0:0:0:0:1 - - [07/Mar/2019:19:57:32 -0600] "GET / HTTP/1.1" 302 -
0:0:0:0:0:0:0:1 - - [07/Mar/2019:19:57:32 -0600] "GET / HTTP/1.1" 302 -
0:0:0:0:0:0:0:1 - - [07/Mar/2019:19:57:32 -0600] "GET / HTTP/1.1" 302 -
0:0:0:0:0:0:0:1 - - [07/Mar/2019:19:57:32 -0600] "GET / HTTP/1.1" 302 -
0:0:0:0:0:0:0:1 - - [07/Mar/2019:19:57:32 -0600] "GET / HTTP/1.1" 302 -
0:0:0:0:0:0:0:1 - - [07/Mar/2019:19:57:32 -0600] "GET / HTTP/1.1" 302 -
0:0:0:0:0:0:0:1 - - [07/Mar/2019:19:57:32 -0600] "GET / HTTP/1.1" 302 -
0:0:0:0:0:0:0:1 - - [07/Mar/2019:19:57:32 -0600] "GET / HTTP/1.1" 302 -
0:0:0:0:0:0:0:1 - - [07/Mar/2019:19:57:32 -0600] "GET / HTTP/1.1" 302 -
0:0:0:0:0:0:0:1 - - [07/Mar/2019:19:57:32 -0600] "GET / HTTP/1.1" 302 -
0:0:0:0:0:0:0:1 - - [07/Mar/2019:19:57:32 -0600] "GET / HTTP/1.1" 302 -
0:0:0:0:0:0:0:1 - - [07/Mar/2019:19:57:32 -0600] "GET / HTTP/1.1" 302 -
0:0:0:0:0:0:0:1 - - [07/Mar/2019:19:57:32 -0600] "GET / HTTP/1.1" 302 -
0:0:0:0:0:0:0:1 - - [07/Mar/2019:19:57:32 -0600] "GET / HTTP/1.1" 302 -
0:0:0:0:0:0:0:1 - - [07/Mar/2019:20:00:42 -0600] "GET / HTTP/1.1" 200 1168
0:0:0:0:0:0:0:1 - - [07/Mar/2019:20:00:43 -0600] "GET /favicon.ico HTTP/1.1" 302 -
0:0:0:0:0:0:0:1 - - [07/Mar/2019:20:00:43 -0600] "GET / HTTP/1.1" 200 1168
0:0:0:0:0:0:0:1 - - [07/Mar/2019:20:00:51 -0600] "POST /login HTTP/1.1" 302 -
0:0:0:0:0:0:0:1 - - [07/Mar/2019:20:00:51 -0600] "GET /usersList HTTP/1.1" 400 807
0:0:0:0:0:0:0:1 - - [07/Mar/2019:20:00:51 -0600] "GET /favicon.ico HTTP/1.1" 200 1150
0:0:0:0:0:0:0:1 - - [07/Mar/2019:20:02:48 -0600] "GET / HTTP/1.1" 200 1168
0:0:0:0:0:0:0:1 - - [07/Mar/2019:20:02:50 -0600] "GET / HTTP/1.1" 200 1168
0:0:0:0:0:0:0:1 - - [07/Mar/2019:20:02:50 -0600] "GET /favicon.ico HTTP/1.1" 302 -
0:0:0:0:0:0:0:1 - - [07/Mar/2019:20:02:50 -0600] "GET / HTTP/1.1" 200 1168
0:0:0:0:0:0:0:1 - - [07/Mar/2019:20:02:59 -0600] "POST /login HTTP/1.1" 302 -
0:0:0:0:0:0:0:1 - - [07/Mar/2019:20:02:59 -0600] "GET /usersList HTTP/1.1" 400 807
0:0:0:0:0:0:0:1 - - [07/Mar/2019:20:02:59 -0600] "GET /favicon.ico HTTP/1.1" 200 1150
0:0:0:0:0:0:0:1 - - [07/Mar/2019:20:16:37 -0600] "GET / HTTP/1.1" 200 1168
0:0:0:0:0:0:0:1 - - [07/Mar/2019:20:16:38 -0600] "GET / HTTP/1.1" 200 1168
0:0:0:0:0:0:0:1 - - [07/Mar/2019:20:16:47 -0600] "POST /login HTTP/1.1" 302 -
0:0:0:0:0:0:0:1 - - [07/Mar/2019:20:16:47 -0600] "GET /userList HTTP/1.1" 200 664
0:0:0:0:0:0:0:1 - - [07/Mar/2019:20:16:47 -0600] "GET /css/bootstrap.min.css HTTP/1.1" 200 83044
0:0:0:0:0:0:0:1 - - [07/Mar/2019:20:16:49 -0600] "GET /?form HTTP/1.1" 200 903
0:0:0:0:0:0:0:1 - - [07/Mar/2019:20:16:49 -0600] "GET /css/bootstrap.min.css HTTP/1.1" 200 83044
0:0:0:0:0:0:0:1 - - [07/Mar/2019:20:16:53 -0600] "POST /?form HTTP/1.1" 302 -
0:0:0:0:0:0:0:1 - - [07/Mar/2019:20:16:53 -0600] "GET /1 HTTP/1.1" 200 835
0:0:0:0:0:0:0:1 - - [07/Mar/2019:20:16:53 -0600] "GET /css/bootstrap.min.css HTTP/1.1" 200 83044
0:0:0:0:0:0:0:1 - - [07/Mar/2019:20:16:54 -0600] "GET /delete/1 HTTP/1.1" 302 -
0:0:0:0:0:0:0:1 - - [07/Mar/2019:20:16:54 -0600] "GET /userList HTTP/1.1" 200 664
0:0:0:0:0:0:0:1 - - [07/Mar/2019:20:16:54 -0600] "GET /css/bootstrap.min.css HTTP/1.1" 200 83044
0:0:0:0:0:0:0:1 - - [07/Mar/2019:21:06:21 -0600] "GET / HTTP/1.1" 200 1168
0:0:0:0:0:0:0:1 - - [07/Mar/2019:21:06:22 -0600] "GET / HTTP/1.1" 200 1168
0:0:0:0:0:0:0:1 - - [07/Mar/2019:21:06:25 -0600] "POST /login HTTP/1.1" 302 -
0:0:0:0:0:0:0:1 - - [07/Mar/2019:21:06:25 -0600] "GET /?error HTTP/1.1" 200 1237
